2025-06-22 17:18:50,313 [INFO] [Heartbeat] HandModule is alive and listening...
2025-06-22 17:18:50,313 [INFO] Listening on 127.0.0.1:5002
2025-06-22 17:19:08,299 [INFO] Decoded message: {'cmd': 'draw', 'symbol_idx': 0}
2025-06-22 17:19:08,299 [INFO] Processing draw command. symbol_idx: 0
2025-06-22 17:19:09,299 [INFO] Decoded message: {'cmd': 'draw', 'symbol_idx': 0}
2025-06-22 17:19:09,299 [INFO] Processing draw command. symbol_idx: 0
2025-06-22 17:19:09,702 [INFO] Decoded message: {'cmd': 'draw', 'symbol_idx': 0}
2025-06-22 17:19:09,702 [INFO] Processing draw command. symbol_idx: 0
2025-06-22 17:19:10,149 [INFO] Decoded message: {'cmd': 'draw', 'symbol_idx': 0}
2025-06-22 17:19:10,150 [INFO] Processing draw command. symbol_idx: 0
2025-06-22 17:19:10,602 [INFO] Decoded message: {'cmd': 'draw', 'symbol_idx': 0}
2025-06-22 17:19:10,602 [INFO] Processing draw command. symbol_idx: 0
2025-06-22 17:19:11,101 [INFO] Decoded message: {'cmd': 'draw', 'symbol_idx': 0}
2025-06-22 17:19:11,101 [INFO] Processing draw command. symbol_idx: 0
2025-06-22 17:19:11,600 [INFO] Decoded message: {'cmd': 'draw', 'symbol_idx': 0}
2025-06-22 17:19:11,601 [INFO] Processing draw command. symbol_idx: 0
2025-06-22 17:19:12,035 [INFO] Decoded message: {'cmd': 'learn', 'symbol_idx': [0, 0, 0, 0, 0, 0, 0, 0], 'feedback_img': array([[[0.31578702, 0.31578702, 0.31578702, ..., 0.31578702,
         0.31578702, 0.31578702],
        [0.31578702, 0.31578702, 0.31578702, ..., 0.31578702,
         0.31578702, 0.31578702],
        [0.31578702, 0.31578702, 0.31578702, ..., 0.31578702,
         0.31578702, 0.31578702],
        ...,
        [0.31578702, 0.31578702, 0.31578702, ..., 0.31578702,
         0.31578702, 0.31578702],
        [0.31578702, 0.31578702, 0.31578702, ..., 0.31578702,
         0.31578702, 0.31578702],
        [0.31578702, 0.31578702, 0.31578702, ..., 0.31578702,
         0.31578702, 0.31578702]],

       [[0.31578702, 0.31578702, 0.31578702, ..., 0.31578702,
         0.31578702, 0.31578702],
        [0.31578702, 0.31578702, 0.31578702, ..., 0.31578702,
         0.31578702, 0.31578702],
        [0.31578702, 0.31578702, 0.31578702, ..., 0.31578702,
         0.31578702, 0.31578702],
        ...,
        [0.31578702, 0.31578702, 0.31578702, ..., 0.31578702,
         0.31578702, 0.31578702],
        [0.31578702, 0.31578702, 0.31578702, ..., 0.31578702,
         0.31578702, 0.31578702],
        [0.31578702, 0.31578702, 0.31578702, ..., 0.31578702,
         0.31578702, 0.31578702]],

       [[0.31578702, 0.31578702, 0.31578702, ..., 0.31578702,
         0.31578702, 0.31578702],
        [0.31578702, 0.31578702, 0.31578702, ..., 0.31578702,
         0.31578702, 0.31578702],
        [0.31578702, 0.31578702, 0.31578702, ..., 0.31578702,
         0.31578702, 0.31578702],
        ...,
        [0.31578702, 0.31578702, 0.31578702, ..., 0.31578702,
         0.31578702, 0.31578702],
        [0.31578702, 0.31578702, 0.31578702, ..., 0.31578702,
         0.31578702, 0.31578702],
        [0.31578702, 0.31578702, 0.31578702, ..., 0.31578702,
         0.31578702, 0.31578702]],

       ...,

       [[0.31578702, 0.31578702, 0.31578702, ..., 0.31578702,
         0.31578702, 0.31578702],
        [0.31578702, 0.31578702, 0.31578702, ..., 0.31578702,
         0.31578702, 0.31578702],
        [0.31578702, 0.31578702, 0.31578702, ..., 0.31578702,
         0.31578702, 0.31578702],
        ...,
        [0.31578702, 0.31578702, 0.31578702, ..., 0.31578702,
         0.31578702, 0.31578702],
        [0.31578702, 0.31578702, 0.31578702, ..., 0.31578702,
         0.31578702, 0.31578702],
        [0.31578702, 0.31578702, 0.31578702, ..., 0.31578702,
         0.31578702, 0.31578702]],

       [[0.31578702, 0.31578702, 0.31578702, ..., 0.31578702,
         0.31578702, 0.31578702],
        [0.31578702, 0.31578702, 0.31578702, ..., 0.31578702,
         0.31578702, 0.31578702],
        [0.31578702, 0.31578702, 0.31578702, ..., 0.31578702,
         0.31578702, 0.31578702],
        ...,
        [0.31578702, 0.31578702, 0.31578702, ..., 0.31578702,
         0.31578702, 0.31578702],
        [0.31578702, 0.31578702, 0.31578702, ..., 0.31578702,
         0.31578702, 0.31578702],
        [0.31578702, 0.31578702, 0.31578702, ..., 0.31578702,
         0.31578702, 0.31578702]],

       [[0.31578702, 0.31578702, 0.31578702, ..., 0.31578702,
         0.31578702, 0.31578702],
        [0.31578702, 0.31578702, 0.31578702, ..., 0.31578702,
         0.31578702, 0.31578702],
        [0.31578702, 0.31578702, 0.31578702, ..., 0.31578702,
         0.31578702, 0.31578702],
        ...,
        [0.31578702, 0.31578702, 0.31578702, ..., 0.31578702,
         0.31578702, 0.31578702],
        [0.31578702, 0.31578702, 0.31578702, ..., 0.31578702,
         0.31578702, 0.31578702],
        [0.31578702, 0.31578702, 0.31578702, ..., 0.31578702,
         0.31578702, 0.31578702]]], shape=(8, 28, 28), dtype=float32), 'lr': 0.01}
2025-06-22 17:19:12,049 [INFO] Processing learn command. symbol_idx: [0, 0, 0, 0, 0, 0, 0, 0], feedback_img type: <class 'numpy.ndarray'>, shape: (8, 28, 28)
2025-06-22 17:19:12,050 [ERROR] Connection error: '<=' not supported between instances of 'int' and 'list'
2025-06-22 17:19:12,110 [INFO] Decoded message: {'cmd': 'draw', 'symbol_idx': 0}
2025-06-22 17:19:12,110 [INFO] Processing draw command. symbol_idx: 0
2025-06-22 17:19:12,599 [INFO] Decoded message: {'cmd': 'draw', 'symbol_idx': 0}
2025-06-22 17:19:12,600 [INFO] Processing draw command. symbol_idx: 0
2025-06-22 17:19:13,132 [INFO] Decoded message: {'cmd': 'draw', 'symbol_idx': 0}
2025-06-22 17:19:13,133 [INFO] Processing draw command. symbol_idx: 0
2025-06-22 17:19:13,701 [INFO] Decoded message: {'cmd': 'draw', 'symbol_idx': 0}
2025-06-22 17:19:13,701 [INFO] Processing draw command. symbol_idx: 0
2025-06-22 17:19:14,145 [INFO] Decoded message: {'cmd': 'draw', 'symbol_idx': 0}
2025-06-22 17:19:14,145 [INFO] Processing draw command. symbol_idx: 0
2025-06-22 17:19:14,601 [INFO] Decoded message: {'cmd': 'draw', 'symbol_idx': 0}
2025-06-22 17:19:14,601 [INFO] Processing draw command. symbol_idx: 0
2025-06-22 17:19:15,051 [INFO] Decoded message: {'cmd': 'draw', 'symbol_idx': 0}
2025-06-22 17:19:15,051 [INFO] Processing draw command. symbol_idx: 0
2025-06-22 17:19:15,567 [INFO] Decoded message: {'cmd': 'draw', 'symbol_idx': 0}
2025-06-22 17:19:15,568 [INFO] Processing draw command. symbol_idx: 0
2025-06-22 17:19:15,940 [INFO] Decoded message: {'cmd': 'learn', 'symbol_idx': [0, 0, 0, 0, 0, 0, 0, 0], 'feedback_img': array([[[0.31578702, 0.31578702, 0.31578702, ..., 0.31578702,
         0.31578702, 0.31578702],
        [0.31578702, 0.31578702, 0.31578702, ..., 0.31578702,
         0.31578702, 0.31578702],
        [0.31578702, 0.31578702, 0.31578702, ..., 0.31578702,
         0.31578702, 0.31578702],
        ...,
        [0.31578702, 0.31578702, 0.31578702, ..., 0.31578702,
         0.31578702, 0.31578702],
        [0.31578702, 0.31578702, 0.31578702, ..., 0.31578702,
         0.31578702, 0.31578702],
        [0.31578702, 0.31578702, 0.31578702, ..., 0.31578702,
         0.31578702, 0.31578702]],

       [[0.31578702, 0.31578702, 0.31578702, ..., 0.31578702,
         0.31578702, 0.31578702],
        [0.31578702, 0.31578702, 0.31578702, ..., 0.31578702,
         0.31578702, 0.31578702],
        [0.31578702, 0.31578702, 0.31578702, ..., 0.31578702,
         0.31578702, 0.31578702],
        ...,
        [0.31578702, 0.31578702, 0.31578702, ..., 0.31578702,
         0.31578702, 0.31578702],
        [0.31578702, 0.31578702, 0.31578702, ..., 0.31578702,
         0.31578702, 0.31578702],
        [0.31578702, 0.31578702, 0.31578702, ..., 0.31578702,
         0.31578702, 0.31578702]],

       [[0.31578702, 0.31578702, 0.31578702, ..., 0.31578702,
         0.31578702, 0.31578702],
        [0.31578702, 0.31578702, 0.31578702, ..., 0.31578702,
         0.31578702, 0.31578702],
        [0.31578702, 0.31578702, 0.31578702, ..., 0.31578702,
         0.31578702, 0.31578702],
        ...,
        [0.31578702, 0.31578702, 0.31578702, ..., 0.31578702,
         0.31578702, 0.31578702],
        [0.31578702, 0.31578702, 0.31578702, ..., 0.31578702,
         0.31578702, 0.31578702],
        [0.31578702, 0.31578702, 0.31578702, ..., 0.31578702,
         0.31578702, 0.31578702]],

       ...,

       [[0.31578702, 0.31578702, 0.31578702, ..., 0.31578702,
         0.31578702, 0.31578702],
        [0.31578702, 0.31578702, 0.31578702, ..., 0.31578702,
         0.31578702, 0.31578702],
        [0.31578702, 0.31578702, 0.31578702, ..., 0.31578702,
         0.31578702, 0.31578702],
        ...,
        [0.31578702, 0.31578702, 0.31578702, ..., 0.31578702,
         0.31578702, 0.31578702],
        [0.31578702, 0.31578702, 0.31578702, ..., 0.31578702,
         0.31578702, 0.31578702],
        [0.31578702, 0.31578702, 0.31578702, ..., 0.31578702,
         0.31578702, 0.31578702]],

       [[0.31578702, 0.31578702, 0.31578702, ..., 0.31578702,
         0.31578702, 0.31578702],
        [0.31578702, 0.31578702, 0.31578702, ..., 0.31578702,
         0.31578702, 0.31578702],
        [0.31578702, 0.31578702, 0.31578702, ..., 0.31578702,
         0.31578702, 0.31578702],
        ...,
        [0.31578702, 0.31578702, 0.31578702, ..., 0.31578702,
         0.31578702, 0.31578702],
        [0.31578702, 0.31578702, 0.31578702, ..., 0.31578702,
         0.31578702, 0.31578702],
        [0.31578702, 0.31578702, 0.31578702, ..., 0.31578702,
         0.31578702, 0.31578702]],

       [[0.31578702, 0.31578702, 0.31578702, ..., 0.31578702,
         0.31578702, 0.31578702],
        [0.31578702, 0.31578702, 0.31578702, ..., 0.31578702,
         0.31578702, 0.31578702],
        [0.31578702, 0.31578702, 0.31578702, ..., 0.31578702,
         0.31578702, 0.31578702],
        ...,
        [0.31578702, 0.31578702, 0.31578702, ..., 0.31578702,
         0.31578702, 0.31578702],
        [0.31578702, 0.31578702, 0.31578702, ..., 0.31578702,
         0.31578702, 0.31578702],
        [0.31578702, 0.31578702, 0.31578702, ..., 0.31578702,
         0.31578702, 0.31578702]]], shape=(8, 28, 28), dtype=float32), 'lr': 0.01}
2025-06-22 17:19:15,946 [INFO] Processing learn command. symbol_idx: [0, 0, 0, 0, 0, 0, 0, 0], feedback_img type: <class 'numpy.ndarray'>, shape: (8, 28, 28)
2025-06-22 17:19:15,946 [ERROR] Connection error: '<=' not supported between instances of 'int' and 'list'
2025-06-22 17:19:15,988 [INFO] Decoded message: {'cmd': 'draw', 'symbol_idx': 0}
2025-06-22 17:19:15,989 [INFO] Processing draw command. symbol_idx: 0
2025-06-22 17:19:16,450 [INFO] Decoded message: {'cmd': 'draw', 'symbol_idx': 0}
2025-06-22 17:19:16,450 [INFO] Processing draw command. symbol_idx: 0
2025-06-22 17:19:16,865 [INFO] Decoded message: {'cmd': 'draw', 'symbol_idx': 0}
2025-06-22 17:19:16,865 [INFO] Processing draw command. symbol_idx: 0
2025-06-22 17:19:17,333 [INFO] Decoded message: {'cmd': 'draw', 'symbol_idx': 0}
2025-06-22 17:19:17,334 [INFO] Processing draw command. symbol_idx: 0
2025-06-22 17:19:17,854 [INFO] Decoded message: {'cmd': 'draw', 'symbol_idx': 0}
2025-06-22 17:19:17,855 [INFO] Processing draw command. symbol_idx: 0
2025-06-22 17:19:18,248 [INFO] Decoded message: {'cmd': 'draw', 'symbol_idx': 0}
2025-06-22 17:19:18,249 [INFO] Processing draw command. symbol_idx: 0
2025-06-22 17:19:18,707 [INFO] Decoded message: {'cmd': 'draw', 'symbol_idx': 0}
2025-06-22 17:19:18,707 [INFO] Processing draw command. symbol_idx: 0
2025-06-22 17:19:19,151 [INFO] Decoded message: {'cmd': 'draw', 'symbol_idx': 0}
2025-06-22 17:19:19,152 [INFO] Processing draw command. symbol_idx: 0
2025-06-22 17:19:19,553 [INFO] Decoded message: {'cmd': 'learn', 'symbol_idx': [0, 0, 0, 0, 0, 0, 0, 0], 'feedback_img': array([[[0.31578702, 0.31578702, 0.31578702, ..., 0.31578702,
         0.31578702, 0.31578702],
        [0.31578702, 0.31578702, 0.31578702, ..., 0.31578702,
         0.31578702, 0.31578702],
        [0.31578702, 0.31578702, 0.31578702, ..., 0.31578702,
         0.31578702, 0.31578702],
        ...,
        [0.31578702, 0.31578702, 0.31578702, ..., 0.31578702,
         0.31578702, 0.31578702],
        [0.31578702, 0.31578702, 0.31578702, ..., 0.31578702,
         0.31578702, 0.31578702],
        [0.31578702, 0.31578702, 0.31578702, ..., 0.31578702,
         0.31578702, 0.31578702]],

       [[0.31578702, 0.31578702, 0.31578702, ..., 0.31578702,
         0.31578702, 0.31578702],
        [0.31578702, 0.31578702, 0.31578702, ..., 0.31578702,
         0.31578702, 0.31578702],
        [0.31578702, 0.31578702, 0.31578702, ..., 0.31578702,
         0.31578702, 0.31578702],
        ...,
        [0.31578702, 0.31578702, 0.31578702, ..., 0.31578702,
         0.31578702, 0.31578702],
        [0.31578702, 0.31578702, 0.31578702, ..., 0.31578702,
         0.31578702, 0.31578702],
        [0.31578702, 0.31578702, 0.31578702, ..., 0.31578702,
         0.31578702, 0.31578702]],

       [[0.31578702, 0.31578702, 0.31578702, ..., 0.31578702,
         0.31578702, 0.31578702],
        [0.31578702, 0.31578702, 0.31578702, ..., 0.31578702,
         0.31578702, 0.31578702],
        [0.31578702, 0.31578702, 0.31578702, ..., 0.31578702,
         0.31578702, 0.31578702],
        ...,
        [0.31578702, 0.31578702, 0.31578702, ..., 0.31578702,
         0.31578702, 0.31578702],
        [0.31578702, 0.31578702, 0.31578702, ..., 0.31578702,
         0.31578702, 0.31578702],
        [0.31578702, 0.31578702, 0.31578702, ..., 0.31578702,
         0.31578702, 0.31578702]],

       ...,

       [[0.31578702, 0.31578702, 0.31578702, ..., 0.31578702,
         0.31578702, 0.31578702],
        [0.31578702, 0.31578702, 0.31578702, ..., 0.31578702,
         0.31578702, 0.31578702],
        [0.31578702, 0.31578702, 0.31578702, ..., 0.31578702,
         0.31578702, 0.31578702],
        ...,
        [0.31578702, 0.31578702, 0.31578702, ..., 0.31578702,
         0.31578702, 0.31578702],
        [0.31578702, 0.31578702, 0.31578702, ..., 0.31578702,
         0.31578702, 0.31578702],
        [0.31578702, 0.31578702, 0.31578702, ..., 0.31578702,
         0.31578702, 0.31578702]],

       [[0.31578702, 0.31578702, 0.31578702, ..., 0.31578702,
         0.31578702, 0.31578702],
        [0.31578702, 0.31578702, 0.31578702, ..., 0.31578702,
         0.31578702, 0.31578702],
        [0.31578702, 0.31578702, 0.31578702, ..., 0.31578702,
         0.31578702, 0.31578702],
        ...,
        [0.31578702, 0.31578702, 0.31578702, ..., 0.31578702,
         0.31578702, 0.31578702],
        [0.31578702, 0.31578702, 0.31578702, ..., 0.31578702,
         0.31578702, 0.31578702],
        [0.31578702, 0.31578702, 0.31578702, ..., 0.31578702,
         0.31578702, 0.31578702]],

       [[0.31578702, 0.31578702, 0.31578702, ..., 0.31578702,
         0.31578702, 0.31578702],
        [0.31578702, 0.31578702, 0.31578702, ..., 0.31578702,
         0.31578702, 0.31578702],
        [0.31578702, 0.31578702, 0.31578702, ..., 0.31578702,
         0.31578702, 0.31578702],
        ...,
        [0.31578702, 0.31578702, 0.31578702, ..., 0.31578702,
         0.31578702, 0.31578702],
        [0.31578702, 0.31578702, 0.31578702, ..., 0.31578702,
         0.31578702, 0.31578702],
        [0.31578702, 0.31578702, 0.31578702, ..., 0.31578702,
         0.31578702, 0.31578702]]], shape=(8, 28, 28), dtype=float32), 'lr': 0.01}
2025-06-22 17:19:19,559 [INFO] Processing learn command. symbol_idx: [0, 0, 0, 0, 0, 0, 0, 0], feedback_img type: <class 'numpy.ndarray'>, shape: (8, 28, 28)
2025-06-22 17:19:19,560 [ERROR] Connection error: '<=' not supported between instances of 'int' and 'list'
2025-06-22 17:19:19,617 [INFO] Decoded message: {'cmd': 'draw', 'symbol_idx': 0}
2025-06-22 17:19:19,618 [INFO] Processing draw command. symbol_idx: 0
2025-06-22 17:19:20,168 [INFO] Decoded message: {'cmd': 'draw', 'symbol_idx': 0}
2025-06-22 17:19:20,168 [INFO] Processing draw command. symbol_idx: 0
2025-06-22 17:19:20,314 [INFO] [Heartbeat] HandModule is alive and listening...
2025-06-22 17:19:20,596 [INFO] Decoded message: {'cmd': 'draw', 'symbol_idx': 0}
2025-06-22 17:19:20,596 [INFO] Processing draw command. symbol_idx: 0
2025-06-22 17:19:20,997 [INFO] Decoded message: {'cmd': 'draw', 'symbol_idx': 0}
2025-06-22 17:19:20,997 [INFO] Processing draw command. symbol_idx: 0
2025-06-22 17:19:21,458 [INFO] Decoded message: {'cmd': 'draw', 'symbol_idx': 0}
2025-06-22 17:19:21,459 [INFO] Processing draw command. symbol_idx: 0
2025-06-22 17:19:21,893 [INFO] Decoded message: {'cmd': 'draw', 'symbol_idx': 0}
2025-06-22 17:19:21,893 [INFO] Processing draw command. symbol_idx: 0
2025-06-22 17:19:22,295 [INFO] Decoded message: {'cmd': 'draw', 'symbol_idx': 0}
2025-06-22 17:19:22,295 [INFO] Processing draw command. symbol_idx: 0
2025-06-22 17:19:22,726 [INFO] Decoded message: {'cmd': 'draw', 'symbol_idx': 0}
2025-06-22 17:19:22,726 [INFO] Processing draw command. symbol_idx: 0
2025-06-22 17:19:23,211 [INFO] Decoded message: {'cmd': 'learn', 'symbol_idx': [0, 0, 0, 0, 0, 0, 0, 0], 'feedback_img': array([[[0.31578702, 0.31578702, 0.31578702, ..., 0.31578702,
         0.31578702, 0.31578702],
        [0.31578702, 0.31578702, 0.31578702, ..., 0.31578702,
         0.31578702, 0.31578702],
        [0.31578702, 0.31578702, 0.31578702, ..., 0.31578702,
         0.31578702, 0.31578702],
        ...,
        [0.31578702, 0.31578702, 0.31578702, ..., 0.31578702,
         0.31578702, 0.31578702],
        [0.31578702, 0.31578702, 0.31578702, ..., 0.31578702,
         0.31578702, 0.31578702],
        [0.31578702, 0.31578702, 0.31578702, ..., 0.31578702,
         0.31578702, 0.31578702]],

       [[0.31578702, 0.31578702, 0.31578702, ..., 0.31578702,
         0.31578702, 0.31578702],
        [0.31578702, 0.31578702, 0.31578702, ..., 0.31578702,
         0.31578702, 0.31578702],
        [0.31578702, 0.31578702, 0.31578702, ..., 0.31578702,
         0.31578702, 0.31578702],
        ...,
        [0.31578702, 0.31578702, 0.31578702, ..., 0.31578702,
         0.31578702, 0.31578702],
        [0.31578702, 0.31578702, 0.31578702, ..., 0.31578702,
         0.31578702, 0.31578702],
        [0.31578702, 0.31578702, 0.31578702, ..., 0.31578702,
         0.31578702, 0.31578702]],

       [[0.31578702, 0.31578702, 0.31578702, ..., 0.31578702,
         0.31578702, 0.31578702],
        [0.31578702, 0.31578702, 0.31578702, ..., 0.31578702,
         0.31578702, 0.31578702],
        [0.31578702, 0.31578702, 0.31578702, ..., 0.31578702,
         0.31578702, 0.31578702],
        ...,
        [0.31578702, 0.31578702, 0.31578702, ..., 0.31578702,
         0.31578702, 0.31578702],
        [0.31578702, 0.31578702, 0.31578702, ..., 0.31578702,
         0.31578702, 0.31578702],
        [0.31578702, 0.31578702, 0.31578702, ..., 0.31578702,
         0.31578702, 0.31578702]],

       ...,

       [[0.31578702, 0.31578702, 0.31578702, ..., 0.31578702,
         0.31578702, 0.31578702],
        [0.31578702, 0.31578702, 0.31578702, ..., 0.31578702,
         0.31578702, 0.31578702],
        [0.31578702, 0.31578702, 0.31578702, ..., 0.31578702,
         0.31578702, 0.31578702],
        ...,
        [0.31578702, 0.31578702, 0.31578702, ..., 0.31578702,
         0.31578702, 0.31578702],
        [0.31578702, 0.31578702, 0.31578702, ..., 0.31578702,
         0.31578702, 0.31578702],
        [0.31578702, 0.31578702, 0.31578702, ..., 0.31578702,
         0.31578702, 0.31578702]],

       [[0.31578702, 0.31578702, 0.31578702, ..., 0.31578702,
         0.31578702, 0.31578702],
        [0.31578702, 0.31578702, 0.31578702, ..., 0.31578702,
         0.31578702, 0.31578702],
        [0.31578702, 0.31578702, 0.31578702, ..., 0.31578702,
         0.31578702, 0.31578702],
        ...,
        [0.31578702, 0.31578702, 0.31578702, ..., 0.31578702,
         0.31578702, 0.31578702],
        [0.31578702, 0.31578702, 0.31578702, ..., 0.31578702,
         0.31578702, 0.31578702],
        [0.31578702, 0.31578702, 0.31578702, ..., 0.31578702,
         0.31578702, 0.31578702]],

       [[0.31578702, 0.31578702, 0.31578702, ..., 0.31578702,
         0.31578702, 0.31578702],
        [0.31578702, 0.31578702, 0.31578702, ..., 0.31578702,
         0.31578702, 0.31578702],
        [0.31578702, 0.31578702, 0.31578702, ..., 0.31578702,
         0.31578702, 0.31578702],
        ...,
        [0.31578702, 0.31578702, 0.31578702, ..., 0.31578702,
         0.31578702, 0.31578702],
        [0.31578702, 0.31578702, 0.31578702, ..., 0.31578702,
         0.31578702, 0.31578702],
        [0.31578702, 0.31578702, 0.31578702, ..., 0.31578702,
         0.31578702, 0.31578702]]], shape=(8, 28, 28), dtype=float32), 'lr': 0.01}
2025-06-22 17:19:23,229 [INFO] Processing learn command. symbol_idx: [0, 0, 0, 0, 0, 0, 0, 0], feedback_img type: <class 'numpy.ndarray'>, shape: (8, 28, 28)
2025-06-22 17:19:23,230 [ERROR] Connection error: '<=' not supported between instances of 'int' and 'list'
2025-06-22 17:19:23,314 [INFO] Decoded message: {'cmd': 'draw', 'symbol_idx': 0}
2025-06-22 17:19:23,314 [INFO] Processing draw command. symbol_idx: 0
2025-06-22 17:19:23,787 [INFO] Decoded message: {'cmd': 'draw', 'symbol_idx': 0}
2025-06-22 17:19:23,788 [INFO] Processing draw command. symbol_idx: 0
2025-06-22 17:19:24,236 [INFO] Decoded message: {'cmd': 'draw', 'symbol_idx': 0}
2025-06-22 17:19:24,236 [INFO] Processing draw command. symbol_idx: 0
2025-06-22 17:19:24,695 [INFO] Decoded message: {'cmd': 'draw', 'symbol_idx': 0}
2025-06-22 17:19:24,695 [INFO] Processing draw command. symbol_idx: 0
2025-06-22 17:19:25,146 [INFO] Decoded message: {'cmd': 'draw', 'symbol_idx': 0}
2025-06-22 17:19:25,147 [INFO] Processing draw command. symbol_idx: 0
2025-06-22 17:19:25,654 [INFO] Decoded message: {'cmd': 'draw', 'symbol_idx': 0}
2025-06-22 17:19:25,655 [INFO] Processing draw command. symbol_idx: 0
2025-06-22 17:19:26,082 [INFO] Decoded message: {'cmd': 'draw', 'symbol_idx': 0}
2025-06-22 17:19:26,082 [INFO] Processing draw command. symbol_idx: 0
2025-06-22 17:19:26,571 [INFO] Decoded message: {'cmd': 'draw', 'symbol_idx': 0}
2025-06-22 17:19:26,571 [INFO] Processing draw command. symbol_idx: 0
2025-06-22 17:19:26,989 [INFO] Decoded message: {'cmd': 'learn', 'symbol_idx': [0, 0, 0, 0, 0, 0, 0, 0], 'feedback_img': array([[[0.31578702, 0.31578702, 0.31578702, ..., 0.31578702,
         0.31578702, 0.31578702],
        [0.31578702, 0.31578702, 0.31578702, ..., 0.31578702,
         0.31578702, 0.31578702],
        [0.31578702, 0.31578702, 0.31578702, ..., 0.31578702,
         0.31578702, 0.31578702],
        ...,
        [0.31578702, 0.31578702, 0.31578702, ..., 0.31578702,
         0.31578702, 0.31578702],
        [0.31578702, 0.31578702, 0.31578702, ..., 0.31578702,
         0.31578702, 0.31578702],
        [0.31578702, 0.31578702, 0.31578702, ..., 0.31578702,
         0.31578702, 0.31578702]],

       [[0.31578702, 0.31578702, 0.31578702, ..., 0.31578702,
         0.31578702, 0.31578702],
        [0.31578702, 0.31578702, 0.31578702, ..., 0.31578702,
         0.31578702, 0.31578702],
        [0.31578702, 0.31578702, 0.31578702, ..., 0.31578702,
         0.31578702, 0.31578702],
        ...,
        [0.31578702, 0.31578702, 0.31578702, ..., 0.31578702,
         0.31578702, 0.31578702],
        [0.31578702, 0.31578702, 0.31578702, ..., 0.31578702,
         0.31578702, 0.31578702],
        [0.31578702, 0.31578702, 0.31578702, ..., 0.31578702,
         0.31578702, 0.31578702]],

       [[0.31578702, 0.31578702, 0.31578702, ..., 0.31578702,
         0.31578702, 0.31578702],
        [0.31578702, 0.31578702, 0.31578702, ..., 0.31578702,
         0.31578702, 0.31578702],
        [0.31578702, 0.31578702, 0.31578702, ..., 0.31578702,
         0.31578702, 0.31578702],
        ...,
        [0.31578702, 0.31578702, 0.31578702, ..., 0.31578702,
         0.31578702, 0.31578702],
        [0.31578702, 0.31578702, 0.31578702, ..., 0.31578702,
         0.31578702, 0.31578702],
        [0.31578702, 0.31578702, 0.31578702, ..., 0.31578702,
         0.31578702, 0.31578702]],

       ...,

       [[0.31578702, 0.31578702, 0.31578702, ..., 0.31578702,
         0.31578702, 0.31578702],
        [0.31578702, 0.31578702, 0.31578702, ..., 0.31578702,
         0.31578702, 0.31578702],
        [0.31578702, 0.31578702, 0.31578702, ..., 0.31578702,
         0.31578702, 0.31578702],
        ...,
        [0.31578702, 0.31578702, 0.31578702, ..., 0.31578702,
         0.31578702, 0.31578702],
        [0.31578702, 0.31578702, 0.31578702, ..., 0.31578702,
         0.31578702, 0.31578702],
        [0.31578702, 0.31578702, 0.31578702, ..., 0.31578702,
         0.31578702, 0.31578702]],

       [[0.31578702, 0.31578702, 0.31578702, ..., 0.31578702,
         0.31578702, 0.31578702],
        [0.31578702, 0.31578702, 0.31578702, ..., 0.31578702,
         0.31578702, 0.31578702],
        [0.31578702, 0.31578702, 0.31578702, ..., 0.31578702,
         0.31578702, 0.31578702],
        ...,
        [0.31578702, 0.31578702, 0.31578702, ..., 0.31578702,
         0.31578702, 0.31578702],
        [0.31578702, 0.31578702, 0.31578702, ..., 0.31578702,
         0.31578702, 0.31578702],
        [0.31578702, 0.31578702, 0.31578702, ..., 0.31578702,
         0.31578702, 0.31578702]],

       [[0.31578702, 0.31578702, 0.31578702, ..., 0.31578702,
         0.31578702, 0.31578702],
        [0.31578702, 0.31578702, 0.31578702, ..., 0.31578702,
         0.31578702, 0.31578702],
        [0.31578702, 0.31578702, 0.31578702, ..., 0.31578702,
         0.31578702, 0.31578702],
        ...,
        [0.31578702, 0.31578702, 0.31578702, ..., 0.31578702,
         0.31578702, 0.31578702],
        [0.31578702, 0.31578702, 0.31578702, ..., 0.31578702,
         0.31578702, 0.31578702],
        [0.31578702, 0.31578702, 0.31578702, ..., 0.31578702,
         0.31578702, 0.31578702]]], shape=(8, 28, 28), dtype=float32), 'lr': 0.01}
2025-06-22 17:19:26,997 [INFO] Processing learn command. symbol_idx: [0, 0, 0, 0, 0, 0, 0, 0], feedback_img type: <class 'numpy.ndarray'>, shape: (8, 28, 28)
2025-06-22 17:19:26,997 [ERROR] Connection error: '<=' not supported between instances of 'int' and 'list'
2025-06-22 17:19:27,061 [INFO] Decoded message: {'cmd': 'draw', 'symbol_idx': 0}
2025-06-22 17:19:27,061 [INFO] Processing draw command. symbol_idx: 0
2025-06-22 17:19:27,594 [INFO] Decoded message: {'cmd': 'draw', 'symbol_idx': 0}
2025-06-22 17:19:27,594 [INFO] Processing draw command. symbol_idx: 0
2025-06-22 17:19:28,035 [INFO] Decoded message: {'cmd': 'draw', 'symbol_idx': 0}
2025-06-22 17:19:28,035 [INFO] Processing draw command. symbol_idx: 0
2025-06-22 17:19:28,494 [INFO] Decoded message: {'cmd': 'draw', 'symbol_idx': 0}
2025-06-22 17:19:28,494 [INFO] Processing draw command. symbol_idx: 0
2025-06-22 17:19:28,994 [INFO] Decoded message: {'cmd': 'draw', 'symbol_idx': 0}
2025-06-22 17:19:28,994 [INFO] Processing draw command. symbol_idx: 0
2025-06-22 17:19:29,501 [INFO] Decoded message: {'cmd': 'draw', 'symbol_idx': 0}
2025-06-22 17:19:29,501 [INFO] Processing draw command. symbol_idx: 0
2025-06-22 17:19:29,919 [INFO] Decoded message: {'cmd': 'draw', 'symbol_idx': 0}
2025-06-22 17:19:29,920 [INFO] Processing draw command. symbol_idx: 0
2025-06-22 17:19:30,369 [INFO] Decoded message: {'cmd': 'draw', 'symbol_idx': 0}
2025-06-22 17:19:30,369 [INFO] Processing draw command. symbol_idx: 0
2025-06-22 17:19:30,841 [INFO] Decoded message: {'cmd': 'learn', 'symbol_idx': [0, 0, 0, 0, 0, 0, 0, 0], 'feedback_img': array([[[0.31578702, 0.31578702, 0.31578702, ..., 0.31578702,
         0.31578702, 0.31578702],
        [0.31578702, 0.31578702, 0.31578702, ..., 0.31578702,
         0.31578702, 0.31578702],
        [0.31578702, 0.31578702, 0.31578702, ..., 0.31578702,
         0.31578702, 0.31578702],
        ...,
        [0.31578702, 0.31578702, 0.31578702, ..., 0.31578702,
         0.31578702, 0.31578702],
        [0.31578702, 0.31578702, 0.31578702, ..., 0.31578702,
         0.31578702, 0.31578702],
        [0.31578702, 0.31578702, 0.31578702, ..., 0.31578702,
         0.31578702, 0.31578702]],

       [[0.31578702, 0.31578702, 0.31578702, ..., 0.31578702,
         0.31578702, 0.31578702],
        [0.31578702, 0.31578702, 0.31578702, ..., 0.31578702,
         0.31578702, 0.31578702],
        [0.31578702, 0.31578702, 0.31578702, ..., 0.31578702,
         0.31578702, 0.31578702],
        ...,
        [0.31578702, 0.31578702, 0.31578702, ..., 0.31578702,
         0.31578702, 0.31578702],
        [0.31578702, 0.31578702, 0.31578702, ..., 0.31578702,
         0.31578702, 0.31578702],
        [0.31578702, 0.31578702, 0.31578702, ..., 0.31578702,
         0.31578702, 0.31578702]],

       [[0.31578702, 0.31578702, 0.31578702, ..., 0.31578702,
         0.31578702, 0.31578702],
        [0.31578702, 0.31578702, 0.31578702, ..., 0.31578702,
         0.31578702, 0.31578702],
        [0.31578702, 0.31578702, 0.31578702, ..., 0.31578702,
         0.31578702, 0.31578702],
        ...,
        [0.31578702, 0.31578702, 0.31578702, ..., 0.31578702,
         0.31578702, 0.31578702],
        [0.31578702, 0.31578702, 0.31578702, ..., 0.31578702,
         0.31578702, 0.31578702],
        [0.31578702, 0.31578702, 0.31578702, ..., 0.31578702,
         0.31578702, 0.31578702]],

       ...,

       [[0.31578702, 0.31578702, 0.31578702, ..., 0.31578702,
         0.31578702, 0.31578702],
        [0.31578702, 0.31578702, 0.31578702, ..., 0.31578702,
         0.31578702, 0.31578702],
        [0.31578702, 0.31578702, 0.31578702, ..., 0.31578702,
         0.31578702, 0.31578702],
        ...,
        [0.31578702, 0.31578702, 0.31578702, ..., 0.31578702,
         0.31578702, 0.31578702],
        [0.31578702, 0.31578702, 0.31578702, ..., 0.31578702,
         0.31578702, 0.31578702],
        [0.31578702, 0.31578702, 0.31578702, ..., 0.31578702,
         0.31578702, 0.31578702]],

       [[0.31578702, 0.31578702, 0.31578702, ..., 0.31578702,
         0.31578702, 0.31578702],
        [0.31578702, 0.31578702, 0.31578702, ..., 0.31578702,
         0.31578702, 0.31578702],
        [0.31578702, 0.31578702, 0.31578702, ..., 0.31578702,
         0.31578702, 0.31578702],
        ...,
        [0.31578702, 0.31578702, 0.31578702, ..., 0.31578702,
         0.31578702, 0.31578702],
        [0.31578702, 0.31578702, 0.31578702, ..., 0.31578702,
         0.31578702, 0.31578702],
        [0.31578702, 0.31578702, 0.31578702, ..., 0.31578702,
         0.31578702, 0.31578702]],

       [[0.31578702, 0.31578702, 0.31578702, ..., 0.31578702,
         0.31578702, 0.31578702],
        [0.31578702, 0.31578702, 0.31578702, ..., 0.31578702,
         0.31578702, 0.31578702],
        [0.31578702, 0.31578702, 0.31578702, ..., 0.31578702,
         0.31578702, 0.31578702],
        ...,
        [0.31578702, 0.31578702, 0.31578702, ..., 0.31578702,
         0.31578702, 0.31578702],
        [0.31578702, 0.31578702, 0.31578702, ..., 0.31578702,
         0.31578702, 0.31578702],
        [0.31578702, 0.31578702, 0.31578702, ..., 0.31578702,
         0.31578702, 0.31578702]]], shape=(8, 28, 28), dtype=float32), 'lr': 0.01}
2025-06-22 17:19:30,862 [INFO] Processing learn command. symbol_idx: [0, 0, 0, 0, 0, 0, 0, 0], feedback_img type: <class 'numpy.ndarray'>, shape: (8, 28, 28)
2025-06-22 17:19:30,863 [ERROR] Connection error: '<=' not supported between instances of 'int' and 'list'
2025-06-22 17:19:30,938 [INFO] Decoded message: {'cmd': 'draw', 'symbol_idx': 0}
2025-06-22 17:19:30,939 [INFO] Processing draw command. symbol_idx: 0
2025-06-22 17:19:31,400 [INFO] Decoded message: {'cmd': 'draw', 'symbol_idx': 0}
2025-06-22 17:19:31,401 [INFO] Processing draw command. symbol_idx: 0
2025-06-22 17:19:31,849 [INFO] Decoded message: {'cmd': 'draw', 'symbol_idx': 0}
2025-06-22 17:19:31,849 [INFO] Processing draw command. symbol_idx: 0
2025-06-22 17:19:32,333 [INFO] Decoded message: {'cmd': 'draw', 'symbol_idx': 0}
2025-06-22 17:19:32,333 [INFO] Processing draw command. symbol_idx: 0
2025-06-22 17:19:32,737 [INFO] Decoded message: {'cmd': 'draw', 'symbol_idx': 0}
2025-06-22 17:19:32,737 [INFO] Processing draw command. symbol_idx: 0
2025-06-22 17:19:33,150 [INFO] Decoded message: {'cmd': 'draw', 'symbol_idx': 0}
2025-06-22 17:19:33,150 [INFO] Processing draw command. symbol_idx: 0
2025-06-22 17:19:33,568 [INFO] Decoded message: {'cmd': 'draw', 'symbol_idx': 0}
2025-06-22 17:19:33,569 [INFO] Processing draw command. symbol_idx: 0
2025-06-22 17:19:34,053 [INFO] Decoded message: {'cmd': 'draw', 'symbol_idx': 0}
2025-06-22 17:19:34,053 [INFO] Processing draw command. symbol_idx: 0
2025-06-22 17:19:34,445 [INFO] Decoded message: {'cmd': 'learn', 'symbol_idx': [0, 0, 0, 0, 0, 0, 0, 0], 'feedback_img': array([[[0.31578702, 0.31578702, 0.31578702, ..., 0.31578702,
         0.31578702, 0.31578702],
        [0.31578702, 0.31578702, 0.31578702, ..., 0.31578702,
         0.31578702, 0.31578702],
        [0.31578702, 0.31578702, 0.31578702, ..., 0.31578702,
         0.31578702, 0.31578702],
        ...,
        [0.31578702, 0.31578702, 0.31578702, ..., 0.31578702,
         0.31578702, 0.31578702],
        [0.31578702, 0.31578702, 0.31578702, ..., 0.31578702,
         0.31578702, 0.31578702],
        [0.31578702, 0.31578702, 0.31578702, ..., 0.31578702,
         0.31578702, 0.31578702]],

       [[0.31578702, 0.31578702, 0.31578702, ..., 0.31578702,
         0.31578702, 0.31578702],
        [0.31578702, 0.31578702, 0.31578702, ..., 0.31578702,
         0.31578702, 0.31578702],
        [0.31578702, 0.31578702, 0.31578702, ..., 0.31578702,
         0.31578702, 0.31578702],
        ...,
        [0.31578702, 0.31578702, 0.31578702, ..., 0.31578702,
         0.31578702, 0.31578702],
        [0.31578702, 0.31578702, 0.31578702, ..., 0.31578702,
         0.31578702, 0.31578702],
        [0.31578702, 0.31578702, 0.31578702, ..., 0.31578702,
         0.31578702, 0.31578702]],

       [[0.31578702, 0.31578702, 0.31578702, ..., 0.31578702,
         0.31578702, 0.31578702],
        [0.31578702, 0.31578702, 0.31578702, ..., 0.31578702,
         0.31578702, 0.31578702],
        [0.31578702, 0.31578702, 0.31578702, ..., 0.31578702,
         0.31578702, 0.31578702],
        ...,
        [0.31578702, 0.31578702, 0.31578702, ..., 0.31578702,
         0.31578702, 0.31578702],
        [0.31578702, 0.31578702, 0.31578702, ..., 0.31578702,
         0.31578702, 0.31578702],
        [0.31578702, 0.31578702, 0.31578702, ..., 0.31578702,
         0.31578702, 0.31578702]],

       ...,

       [[0.31578702, 0.31578702, 0.31578702, ..., 0.31578702,
         0.31578702, 0.31578702],
        [0.31578702, 0.31578702, 0.31578702, ..., 0.31578702,
         0.31578702, 0.31578702],
        [0.31578702, 0.31578702, 0.31578702, ..., 0.31578702,
         0.31578702, 0.31578702],
        ...,
        [0.31578702, 0.31578702, 0.31578702, ..., 0.31578702,
         0.31578702, 0.31578702],
        [0.31578702, 0.31578702, 0.31578702, ..., 0.31578702,
         0.31578702, 0.31578702],
        [0.31578702, 0.31578702, 0.31578702, ..., 0.31578702,
         0.31578702, 0.31578702]],

       [[0.31578702, 0.31578702, 0.31578702, ..., 0.31578702,
         0.31578702, 0.31578702],
        [0.31578702, 0.31578702, 0.31578702, ..., 0.31578702,
         0.31578702, 0.31578702],
        [0.31578702, 0.31578702, 0.31578702, ..., 0.31578702,
         0.31578702, 0.31578702],
        ...,
        [0.31578702, 0.31578702, 0.31578702, ..., 0.31578702,
         0.31578702, 0.31578702],
        [0.31578702, 0.31578702, 0.31578702, ..., 0.31578702,
         0.31578702, 0.31578702],
        [0.31578702, 0.31578702, 0.31578702, ..., 0.31578702,
         0.31578702, 0.31578702]],

       [[0.31578702, 0.31578702, 0.31578702, ..., 0.31578702,
         0.31578702, 0.31578702],
        [0.31578702, 0.31578702, 0.31578702, ..., 0.31578702,
         0.31578702, 0.31578702],
        [0.31578702, 0.31578702, 0.31578702, ..., 0.31578702,
         0.31578702, 0.31578702],
        ...,
        [0.31578702, 0.31578702, 0.31578702, ..., 0.31578702,
         0.31578702, 0.31578702],
        [0.31578702, 0.31578702, 0.31578702, ..., 0.31578702,
         0.31578702, 0.31578702],
        [0.31578702, 0.31578702, 0.31578702, ..., 0.31578702,
         0.31578702, 0.31578702]]], shape=(8, 28, 28), dtype=float32), 'lr': 0.01}
2025-06-22 17:19:34,450 [INFO] Processing learn command. symbol_idx: [0, 0, 0, 0, 0, 0, 0, 0], feedback_img type: <class 'numpy.ndarray'>, shape: (8, 28, 28)
2025-06-22 17:19:34,451 [ERROR] Connection error: '<=' not supported between instances of 'int' and 'list'
2025-06-22 17:19:34,503 [INFO] Decoded message: {'cmd': 'draw', 'symbol_idx': 0}
2025-06-22 17:19:34,503 [INFO] Processing draw command. symbol_idx: 0
2025-06-22 17:19:34,968 [INFO] Decoded message: {'cmd': 'draw', 'symbol_idx': 0}
2025-06-22 17:19:34,969 [INFO] Processing draw command. symbol_idx: 0
2025-06-22 17:19:35,360 [INFO] Decoded message: {'cmd': 'draw', 'symbol_idx': 0}
2025-06-22 17:19:35,361 [INFO] Processing draw command. symbol_idx: 0
2025-06-22 17:19:35,842 [INFO] Decoded message: {'cmd': 'draw', 'symbol_idx': 0}
2025-06-22 17:19:35,842 [INFO] Processing draw command. symbol_idx: 0
2025-06-22 17:19:36,240 [INFO] Decoded message: {'cmd': 'draw', 'symbol_idx': 0}
2025-06-22 17:19:36,241 [INFO] Processing draw command. symbol_idx: 0
2025-06-22 17:19:36,642 [INFO] Decoded message: {'cmd': 'draw', 'symbol_idx': 0}
2025-06-22 17:19:36,642 [INFO] Processing draw command. symbol_idx: 0
2025-06-22 17:19:37,122 [INFO] Decoded message: {'cmd': 'draw', 'symbol_idx': 0}
2025-06-22 17:19:37,122 [INFO] Processing draw command. symbol_idx: 0
2025-06-22 17:19:37,602 [INFO] Decoded message: {'cmd': 'draw', 'symbol_idx': 0}
2025-06-22 17:19:37,603 [INFO] Processing draw command. symbol_idx: 0
2025-06-22 17:19:38,066 [INFO] Decoded message: {'cmd': 'learn', 'symbol_idx': [0, 0, 0, 0, 0, 0, 0, 0], 'feedback_img': array([[[0.31578702, 0.31578702, 0.31578702, ..., 0.31578702,
         0.31578702, 0.31578702],
        [0.31578702, 0.31578702, 0.31578702, ..., 0.31578702,
         0.31578702, 0.31578702],
        [0.31578702, 0.31578702, 0.31578702, ..., 0.31578702,
         0.31578702, 0.31578702],
        ...,
        [0.31578702, 0.31578702, 0.31578702, ..., 0.31578702,
         0.31578702, 0.31578702],
        [0.31578702, 0.31578702, 0.31578702, ..., 0.31578702,
         0.31578702, 0.31578702],
        [0.31578702, 0.31578702, 0.31578702, ..., 0.31578702,
         0.31578702, 0.31578702]],

       [[0.31578702, 0.31578702, 0.31578702, ..., 0.31578702,
         0.31578702, 0.31578702],
        [0.31578702, 0.31578702, 0.31578702, ..., 0.31578702,
         0.31578702, 0.31578702],
        [0.31578702, 0.31578702, 0.31578702, ..., 0.31578702,
         0.31578702, 0.31578702],
        ...,
        [0.31578702, 0.31578702, 0.31578702, ..., 0.31578702,
         0.31578702, 0.31578702],
        [0.31578702, 0.31578702, 0.31578702, ..., 0.31578702,
         0.31578702, 0.31578702],
        [0.31578702, 0.31578702, 0.31578702, ..., 0.31578702,
         0.31578702, 0.31578702]],

       [[0.31578702, 0.31578702, 0.31578702, ..., 0.31578702,
         0.31578702, 0.31578702],
        [0.31578702, 0.31578702, 0.31578702, ..., 0.31578702,
         0.31578702, 0.31578702],
        [0.31578702, 0.31578702, 0.31578702, ..., 0.31578702,
         0.31578702, 0.31578702],
        ...,
        [0.31578702, 0.31578702, 0.31578702, ..., 0.31578702,
         0.31578702, 0.31578702],
        [0.31578702, 0.31578702, 0.31578702, ..., 0.31578702,
         0.31578702, 0.31578702],
        [0.31578702, 0.31578702, 0.31578702, ..., 0.31578702,
         0.31578702, 0.31578702]],

       ...,

       [[0.31578702, 0.31578702, 0.31578702, ..., 0.31578702,
         0.31578702, 0.31578702],
        [0.31578702, 0.31578702, 0.31578702, ..., 0.31578702,
         0.31578702, 0.31578702],
        [0.31578702, 0.31578702, 0.31578702, ..., 0.31578702,
         0.31578702, 0.31578702],
        ...,
        [0.31578702, 0.31578702, 0.31578702, ..., 0.31578702,
         0.31578702, 0.31578702],
        [0.31578702, 0.31578702, 0.31578702, ..., 0.31578702,
         0.31578702, 0.31578702],
        [0.31578702, 0.31578702, 0.31578702, ..., 0.31578702,
         0.31578702, 0.31578702]],

       [[0.31578702, 0.31578702, 0.31578702, ..., 0.31578702,
         0.31578702, 0.31578702],
        [0.31578702, 0.31578702, 0.31578702, ..., 0.31578702,
         0.31578702, 0.31578702],
        [0.31578702, 0.31578702, 0.31578702, ..., 0.31578702,
         0.31578702, 0.31578702],
        ...,
        [0.31578702, 0.31578702, 0.31578702, ..., 0.31578702,
         0.31578702, 0.31578702],
        [0.31578702, 0.31578702, 0.31578702, ..., 0.31578702,
         0.31578702, 0.31578702],
        [0.31578702, 0.31578702, 0.31578702, ..., 0.31578702,
         0.31578702, 0.31578702]],

       [[0.31578702, 0.31578702, 0.31578702, ..., 0.31578702,
         0.31578702, 0.31578702],
        [0.31578702, 0.31578702, 0.31578702, ..., 0.31578702,
         0.31578702, 0.31578702],
        [0.31578702, 0.31578702, 0.31578702, ..., 0.31578702,
         0.31578702, 0.31578702],
        ...,
        [0.31578702, 0.31578702, 0.31578702, ..., 0.31578702,
         0.31578702, 0.31578702],
        [0.31578702, 0.31578702, 0.31578702, ..., 0.31578702,
         0.31578702, 0.31578702],
        [0.31578702, 0.31578702, 0.31578702, ..., 0.31578702,
         0.31578702, 0.31578702]]], shape=(8, 28, 28), dtype=float32), 'lr': 0.01}
2025-06-22 17:19:38,072 [INFO] Processing learn command. symbol_idx: [0, 0, 0, 0, 0, 0, 0, 0], feedback_img type: <class 'numpy.ndarray'>, shape: (8, 28, 28)
2025-06-22 17:19:38,073 [ERROR] Connection error: '<=' not supported between instances of 'int' and 'list'
2025-06-22 17:19:38,114 [INFO] Decoded message: {'cmd': 'draw', 'symbol_idx': 0}
2025-06-22 17:19:38,114 [INFO] Processing draw command. symbol_idx: 0
2025-06-22 17:19:38,541 [INFO] Decoded message: {'cmd': 'draw', 'symbol_idx': 0}
2025-06-22 17:19:38,541 [INFO] Processing draw command. symbol_idx: 0
2025-06-22 17:19:39,036 [INFO] Decoded message: {'cmd': 'draw', 'symbol_idx': 0}
2025-06-22 17:19:39,036 [INFO] Processing draw command. symbol_idx: 0
2025-06-22 17:19:39,519 [INFO] Decoded message: {'cmd': 'draw', 'symbol_idx': 0}
2025-06-22 17:19:39,520 [INFO] Processing draw command. symbol_idx: 0
2025-06-22 17:19:40,020 [INFO] Decoded message: {'cmd': 'draw', 'symbol_idx': 0}
2025-06-22 17:19:40,020 [INFO] Processing draw command. symbol_idx: 0
2025-06-22 17:19:40,490 [INFO] Decoded message: {'cmd': 'draw', 'symbol_idx': 0}
2025-06-22 17:19:40,491 [INFO] Processing draw command. symbol_idx: 0
2025-06-22 17:19:41,003 [INFO] Decoded message: {'cmd': 'draw', 'symbol_idx': 0}
2025-06-22 17:19:41,004 [INFO] Processing draw command. symbol_idx: 0
2025-06-22 17:19:41,489 [INFO] Decoded message: {'cmd': 'draw', 'symbol_idx': 0}
2025-06-22 17:19:41,490 [INFO] Processing draw command. symbol_idx: 0
2025-06-22 17:19:41,940 [INFO] Decoded message: {'cmd': 'learn', 'symbol_idx': [0, 0, 0, 0, 0, 0, 0, 0], 'feedback_img': array([[[0.31578702, 0.31578702, 0.31578702, ..., 0.31578702,
         0.31578702, 0.31578702],
        [0.31578702, 0.31578702, 0.31578702, ..., 0.31578702,
         0.31578702, 0.31578702],
        [0.31578702, 0.31578702, 0.31578702, ..., 0.31578702,
         0.31578702, 0.31578702],
        ...,
        [0.31578702, 0.31578702, 0.31578702, ..., 0.31578702,
         0.31578702, 0.31578702],
        [0.31578702, 0.31578702, 0.31578702, ..., 0.31578702,
         0.31578702, 0.31578702],
        [0.31578702, 0.31578702, 0.31578702, ..., 0.31578702,
         0.31578702, 0.31578702]],

       [[0.31578702, 0.31578702, 0.31578702, ..., 0.31578702,
         0.31578702, 0.31578702],
        [0.31578702, 0.31578702, 0.31578702, ..., 0.31578702,
         0.31578702, 0.31578702],
        [0.31578702, 0.31578702, 0.31578702, ..., 0.31578702,
         0.31578702, 0.31578702],
        ...,
        [0.31578702, 0.31578702, 0.31578702, ..., 0.31578702,
         0.31578702, 0.31578702],
        [0.31578702, 0.31578702, 0.31578702, ..., 0.31578702,
         0.31578702, 0.31578702],
        [0.31578702, 0.31578702, 0.31578702, ..., 0.31578702,
         0.31578702, 0.31578702]],

       [[0.31578702, 0.31578702, 0.31578702, ..., 0.31578702,
         0.31578702, 0.31578702],
        [0.31578702, 0.31578702, 0.31578702, ..., 0.31578702,
         0.31578702, 0.31578702],
        [0.31578702, 0.31578702, 0.31578702, ..., 0.31578702,
         0.31578702, 0.31578702],
        ...,
        [0.31578702, 0.31578702, 0.31578702, ..., 0.31578702,
         0.31578702, 0.31578702],
        [0.31578702, 0.31578702, 0.31578702, ..., 0.31578702,
         0.31578702, 0.31578702],
        [0.31578702, 0.31578702, 0.31578702, ..., 0.31578702,
         0.31578702, 0.31578702]],

       ...,

       [[0.31578702, 0.31578702, 0.31578702, ..., 0.31578702,
         0.31578702, 0.31578702],
        [0.31578702, 0.31578702, 0.31578702, ..., 0.31578702,
         0.31578702, 0.31578702],
        [0.31578702, 0.31578702, 0.31578702, ..., 0.31578702,
         0.31578702, 0.31578702],
        ...,
        [0.31578702, 0.31578702, 0.31578702, ..., 0.31578702,
         0.31578702, 0.31578702],
        [0.31578702, 0.31578702, 0.31578702, ..., 0.31578702,
         0.31578702, 0.31578702],
        [0.31578702, 0.31578702, 0.31578702, ..., 0.31578702,
         0.31578702, 0.31578702]],

       [[0.31578702, 0.31578702, 0.31578702, ..., 0.31578702,
         0.31578702, 0.31578702],
        [0.31578702, 0.31578702, 0.31578702, ..., 0.31578702,
         0.31578702, 0.31578702],
        [0.31578702, 0.31578702, 0.31578702, ..., 0.31578702,
         0.31578702, 0.31578702],
        ...,
        [0.31578702, 0.31578702, 0.31578702, ..., 0.31578702,
         0.31578702, 0.31578702],
        [0.31578702, 0.31578702, 0.31578702, ..., 0.31578702,
         0.31578702, 0.31578702],
        [0.31578702, 0.31578702, 0.31578702, ..., 0.31578702,
         0.31578702, 0.31578702]],

       [[0.31578702, 0.31578702, 0.31578702, ..., 0.31578702,
         0.31578702, 0.31578702],
        [0.31578702, 0.31578702, 0.31578702, ..., 0.31578702,
         0.31578702, 0.31578702],
        [0.31578702, 0.31578702, 0.31578702, ..., 0.31578702,
         0.31578702, 0.31578702],
        ...,
        [0.31578702, 0.31578702, 0.31578702, ..., 0.31578702,
         0.31578702, 0.31578702],
        [0.31578702, 0.31578702, 0.31578702, ..., 0.31578702,
         0.31578702, 0.31578702],
        [0.31578702, 0.31578702, 0.31578702, ..., 0.31578702,
         0.31578702, 0.31578702]]], shape=(8, 28, 28), dtype=float32), 'lr': 0.01}
2025-06-22 17:19:41,960 [INFO] Processing learn command. symbol_idx: [0, 0, 0, 0, 0, 0, 0, 0], feedback_img type: <class 'numpy.ndarray'>, shape: (8, 28, 28)
2025-06-22 17:19:41,961 [ERROR] Connection error: '<=' not supported between instances of 'int' and 'list'
2025-06-22 17:19:42,036 [INFO] Decoded message: {'cmd': 'draw', 'symbol_idx': 0}
2025-06-22 17:19:42,037 [INFO] Processing draw command. symbol_idx: 0
2025-06-22 17:19:42,509 [INFO] Decoded message: {'cmd': 'draw', 'symbol_idx': 0}
2025-06-22 17:19:42,510 [INFO] Processing draw command. symbol_idx: 0
2025-06-22 17:19:42,941 [INFO] Decoded message: {'cmd': 'draw', 'symbol_idx': 0}
2025-06-22 17:19:42,941 [INFO] Processing draw command. symbol_idx: 0
2025-06-22 17:19:43,456 [INFO] Decoded message: {'cmd': 'draw', 'symbol_idx': 0}
2025-06-22 17:19:43,457 [INFO] Processing draw command. symbol_idx: 0
2025-06-22 17:19:43,993 [INFO] Decoded message: {'cmd': 'draw', 'symbol_idx': 0}
2025-06-22 17:19:43,996 [INFO] Processing draw command. symbol_idx: 0
2025-06-22 17:19:44,454 [INFO] Decoded message: {'cmd': 'draw', 'symbol_idx': 0}
2025-06-22 17:19:44,454 [INFO] Processing draw command. symbol_idx: 0
2025-06-22 17:19:44,886 [INFO] Decoded message: {'cmd': 'draw', 'symbol_idx': 0}
2025-06-22 17:19:44,886 [INFO] Processing draw command. symbol_idx: 0
2025-06-22 17:19:45,370 [INFO] Decoded message: {'cmd': 'draw', 'symbol_idx': 0}
2025-06-22 17:19:45,371 [INFO] Processing draw command. symbol_idx: 0
2025-06-22 17:19:45,767 [INFO] Decoded message: {'cmd': 'learn', 'symbol_idx': [0, 0, 0, 0, 0, 0, 0, 0], 'feedback_img': array([[[0.31578702, 0.31578702, 0.31578702, ..., 0.31578702,
         0.31578702, 0.31578702],
        [0.31578702, 0.31578702, 0.31578702, ..., 0.31578702,
         0.31578702, 0.31578702],
        [0.31578702, 0.31578702, 0.31578702, ..., 0.31578702,
         0.31578702, 0.31578702],
        ...,
        [0.31578702, 0.31578702, 0.31578702, ..., 0.31578702,
         0.31578702, 0.31578702],
        [0.31578702, 0.31578702, 0.31578702, ..., 0.31578702,
         0.31578702, 0.31578702],
        [0.31578702, 0.31578702, 0.31578702, ..., 0.31578702,
         0.31578702, 0.31578702]],

       [[0.31578702, 0.31578702, 0.31578702, ..., 0.31578702,
         0.31578702, 0.31578702],
        [0.31578702, 0.31578702, 0.31578702, ..., 0.31578702,
         0.31578702, 0.31578702],
        [0.31578702, 0.31578702, 0.31578702, ..., 0.31578702,
         0.31578702, 0.31578702],
        ...,
        [0.31578702, 0.31578702, 0.31578702, ..., 0.31578702,
         0.31578702, 0.31578702],
        [0.31578702, 0.31578702, 0.31578702, ..., 0.31578702,
         0.31578702, 0.31578702],
        [0.31578702, 0.31578702, 0.31578702, ..., 0.31578702,
         0.31578702, 0.31578702]],

       [[0.31578702, 0.31578702, 0.31578702, ..., 0.31578702,
         0.31578702, 0.31578702],
        [0.31578702, 0.31578702, 0.31578702, ..., 0.31578702,
         0.31578702, 0.31578702],
        [0.31578702, 0.31578702, 0.31578702, ..., 0.31578702,
         0.31578702, 0.31578702],
        ...,
        [0.31578702, 0.31578702, 0.31578702, ..., 0.31578702,
         0.31578702, 0.31578702],
        [0.31578702, 0.31578702, 0.31578702, ..., 0.31578702,
         0.31578702, 0.31578702],
        [0.31578702, 0.31578702, 0.31578702, ..., 0.31578702,
         0.31578702, 0.31578702]],

       ...,

       [[0.31578702, 0.31578702, 0.31578702, ..., 0.31578702,
         0.31578702, 0.31578702],
        [0.31578702, 0.31578702, 0.31578702, ..., 0.31578702,
         0.31578702, 0.31578702],
        [0.31578702, 0.31578702, 0.31578702, ..., 0.31578702,
         0.31578702, 0.31578702],
        ...,
        [0.31578702, 0.31578702, 0.31578702, ..., 0.31578702,
         0.31578702, 0.31578702],
        [0.31578702, 0.31578702, 0.31578702, ..., 0.31578702,
         0.31578702, 0.31578702],
        [0.31578702, 0.31578702, 0.31578702, ..., 0.31578702,
         0.31578702, 0.31578702]],

       [[0.31578702, 0.31578702, 0.31578702, ..., 0.31578702,
         0.31578702, 0.31578702],
        [0.31578702, 0.31578702, 0.31578702, ..., 0.31578702,
         0.31578702, 0.31578702],
        [0.31578702, 0.31578702, 0.31578702, ..., 0.31578702,
         0.31578702, 0.31578702],
        ...,
        [0.31578702, 0.31578702, 0.31578702, ..., 0.31578702,
         0.31578702, 0.31578702],
        [0.31578702, 0.31578702, 0.31578702, ..., 0.31578702,
         0.31578702, 0.31578702],
        [0.31578702, 0.31578702, 0.31578702, ..., 0.31578702,
         0.31578702, 0.31578702]],

       [[0.31578702, 0.31578702, 0.31578702, ..., 0.31578702,
         0.31578702, 0.31578702],
        [0.31578702, 0.31578702, 0.31578702, ..., 0.31578702,
         0.31578702, 0.31578702],
        [0.31578702, 0.31578702, 0.31578702, ..., 0.31578702,
         0.31578702, 0.31578702],
        ...,
        [0.31578702, 0.31578702, 0.31578702, ..., 0.31578702,
         0.31578702, 0.31578702],
        [0.31578702, 0.31578702, 0.31578702, ..., 0.31578702,
         0.31578702, 0.31578702],
        [0.31578702, 0.31578702, 0.31578702, ..., 0.31578702,
         0.31578702, 0.31578702]]], shape=(8, 28, 28), dtype=float32), 'lr': 0.01}
2025-06-22 17:19:45,772 [INFO] Processing learn command. symbol_idx: [0, 0, 0, 0, 0, 0, 0, 0], feedback_img type: <class 'numpy.ndarray'>, shape: (8, 28, 28)
2025-06-22 17:19:45,773 [ERROR] Connection error: '<=' not supported between instances of 'int' and 'list'
2025-06-22 17:19:45,850 [INFO] Decoded message: {'cmd': 'draw', 'symbol_idx': 0}
2025-06-22 17:19:45,851 [INFO] Processing draw command. symbol_idx: 0
2025-06-22 17:19:46,318 [INFO] Decoded message: {'cmd': 'draw', 'symbol_idx': 0}
2025-06-22 17:19:46,319 [INFO] Processing draw command. symbol_idx: 0
2025-06-22 17:19:46,761 [INFO] Decoded message: {'cmd': 'draw', 'symbol_idx': 0}
2025-06-22 17:19:46,761 [INFO] Processing draw command. symbol_idx: 0
2025-06-22 17:19:47,268 [INFO] Decoded message: {'cmd': 'draw', 'symbol_idx': 0}
2025-06-22 17:19:47,268 [INFO] Processing draw command. symbol_idx: 0
2025-06-22 17:19:47,719 [INFO] Decoded message: {'cmd': 'draw', 'symbol_idx': 0}
2025-06-22 17:19:47,720 [INFO] Processing draw command. symbol_idx: 0
2025-06-22 17:19:48,118 [INFO] Decoded message: {'cmd': 'draw', 'symbol_idx': 0}
2025-06-22 17:19:48,118 [INFO] Processing draw command. symbol_idx: 0
2025-06-22 17:19:48,560 [INFO] Decoded message: {'cmd': 'draw', 'symbol_idx': 0}
2025-06-22 17:19:48,561 [INFO] Processing draw command. symbol_idx: 0
2025-06-22 17:19:49,030 [INFO] Decoded message: {'cmd': 'draw', 'symbol_idx': 0}
2025-06-22 17:19:49,031 [INFO] Processing draw command. symbol_idx: 0
2025-06-22 17:19:49,415 [INFO] Decoded message: {'cmd': 'learn', 'symbol_idx': [0, 0, 0, 0, 0, 0, 0, 0], 'feedback_img': array([[[0.31578702, 0.31578702, 0.31578702, ..., 0.31578702,
         0.31578702, 0.31578702],
        [0.31578702, 0.31578702, 0.31578702, ..., 0.31578702,
         0.31578702, 0.31578702],
        [0.31578702, 0.31578702, 0.31578702, ..., 0.31578702,
         0.31578702, 0.31578702],
        ...,
        [0.31578702, 0.31578702, 0.31578702, ..., 0.31578702,
         0.31578702, 0.31578702],
        [0.31578702, 0.31578702, 0.31578702, ..., 0.31578702,
         0.31578702, 0.31578702],
        [0.31578702, 0.31578702, 0.31578702, ..., 0.31578702,
         0.31578702, 0.31578702]],

       [[0.31578702, 0.31578702, 0.31578702, ..., 0.31578702,
         0.31578702, 0.31578702],
        [0.31578702, 0.31578702, 0.31578702, ..., 0.31578702,
         0.31578702, 0.31578702],
        [0.31578702, 0.31578702, 0.31578702, ..., 0.31578702,
         0.31578702, 0.31578702],
        ...,
        [0.31578702, 0.31578702, 0.31578702, ..., 0.31578702,
         0.31578702, 0.31578702],
        [0.31578702, 0.31578702, 0.31578702, ..., 0.31578702,
         0.31578702, 0.31578702],
        [0.31578702, 0.31578702, 0.31578702, ..., 0.31578702,
         0.31578702, 0.31578702]],

       [[0.31578702, 0.31578702, 0.31578702, ..., 0.31578702,
         0.31578702, 0.31578702],
        [0.31578702, 0.31578702, 0.31578702, ..., 0.31578702,
         0.31578702, 0.31578702],
        [0.31578702, 0.31578702, 0.31578702, ..., 0.31578702,
         0.31578702, 0.31578702],
        ...,
        [0.31578702, 0.31578702, 0.31578702, ..., 0.31578702,
         0.31578702, 0.31578702],
        [0.31578702, 0.31578702, 0.31578702, ..., 0.31578702,
         0.31578702, 0.31578702],
        [0.31578702, 0.31578702, 0.31578702, ..., 0.31578702,
         0.31578702, 0.31578702]],

       ...,

       [[0.31578702, 0.31578702, 0.31578702, ..., 0.31578702,
         0.31578702, 0.31578702],
        [0.31578702, 0.31578702, 0.31578702, ..., 0.31578702,
         0.31578702, 0.31578702],
        [0.31578702, 0.31578702, 0.31578702, ..., 0.31578702,
         0.31578702, 0.31578702],
        ...,
        [0.31578702, 0.31578702, 0.31578702, ..., 0.31578702,
         0.31578702, 0.31578702],
        [0.31578702, 0.31578702, 0.31578702, ..., 0.31578702,
         0.31578702, 0.31578702],
        [0.31578702, 0.31578702, 0.31578702, ..., 0.31578702,
         0.31578702, 0.31578702]],

       [[0.31578702, 0.31578702, 0.31578702, ..., 0.31578702,
         0.31578702, 0.31578702],
        [0.31578702, 0.31578702, 0.31578702, ..., 0.31578702,
         0.31578702, 0.31578702],
        [0.31578702, 0.31578702, 0.31578702, ..., 0.31578702,
         0.31578702, 0.31578702],
        ...,
        [0.31578702, 0.31578702, 0.31578702, ..., 0.31578702,
         0.31578702, 0.31578702],
        [0.31578702, 0.31578702, 0.31578702, ..., 0.31578702,
         0.31578702, 0.31578702],
        [0.31578702, 0.31578702, 0.31578702, ..., 0.31578702,
         0.31578702, 0.31578702]],

       [[0.31578702, 0.31578702, 0.31578702, ..., 0.31578702,
         0.31578702, 0.31578702],
        [0.31578702, 0.31578702, 0.31578702, ..., 0.31578702,
         0.31578702, 0.31578702],
        [0.31578702, 0.31578702, 0.31578702, ..., 0.31578702,
         0.31578702, 0.31578702],
        ...,
        [0.31578702, 0.31578702, 0.31578702, ..., 0.31578702,
         0.31578702, 0.31578702],
        [0.31578702, 0.31578702, 0.31578702, ..., 0.31578702,
         0.31578702, 0.31578702],
        [0.31578702, 0.31578702, 0.31578702, ..., 0.31578702,
         0.31578702, 0.31578702]]], shape=(8, 28, 28), dtype=float32), 'lr': 0.01}
2025-06-22 17:19:49,421 [INFO] Processing learn command. symbol_idx: [0, 0, 0, 0, 0, 0, 0, 0], feedback_img type: <class 'numpy.ndarray'>, shape: (8, 28, 28)
2025-06-22 17:19:49,422 [ERROR] Connection error: '<=' not supported between instances of 'int' and 'list'
2025-06-22 17:19:49,474 [INFO] Decoded message: {'cmd': 'draw', 'symbol_idx': 0}
2025-06-22 17:19:49,475 [INFO] Processing draw command. symbol_idx: 0
2025-06-22 17:19:49,901 [INFO] Decoded message: {'cmd': 'draw', 'symbol_idx': 0}
2025-06-22 17:19:49,902 [INFO] Processing draw command. symbol_idx: 0
2025-06-22 17:19:50,304 [INFO] Decoded message: {'cmd': 'draw', 'symbol_idx': 0}
2025-06-22 17:19:50,305 [INFO] Processing draw command. symbol_idx: 0
2025-06-22 17:19:50,315 [INFO] [Heartbeat] HandModule is alive and listening...
2025-06-22 17:19:50,755 [INFO] Decoded message: {'cmd': 'draw', 'symbol_idx': 0}
2025-06-22 17:19:50,756 [INFO] Processing draw command. symbol_idx: 0
2025-06-22 17:19:51,149 [INFO] Decoded message: {'cmd': 'draw', 'symbol_idx': 0}
2025-06-22 17:19:51,150 [INFO] Processing draw command. symbol_idx: 0
2025-06-22 17:19:51,605 [INFO] Decoded message: {'cmd': 'draw', 'symbol_idx': 0}
2025-06-22 17:19:51,605 [INFO] Processing draw command. symbol_idx: 0
2025-06-22 17:19:51,996 [INFO] Decoded message: {'cmd': 'draw', 'symbol_idx': 0}
2025-06-22 17:19:51,996 [INFO] Processing draw command. symbol_idx: 0
2025-06-22 17:19:52,401 [INFO] Decoded message: {'cmd': 'draw', 'symbol_idx': 0}
2025-06-22 17:19:52,401 [INFO] Processing draw command. symbol_idx: 0
2025-06-22 17:19:52,809 [INFO] Decoded message: {'cmd': 'learn', 'symbol_idx': [0, 0, 0, 0, 0, 0, 0, 0], 'feedback_img': array([[[0.31578702, 0.31578702, 0.31578702, ..., 0.31578702,
         0.31578702, 0.31578702],
        [0.31578702, 0.31578702, 0.31578702, ..., 0.31578702,
         0.31578702, 0.31578702],
        [0.31578702, 0.31578702, 0.31578702, ..., 0.31578702,
         0.31578702, 0.31578702],
        ...,
        [0.31578702, 0.31578702, 0.31578702, ..., 0.31578702,
         0.31578702, 0.31578702],
        [0.31578702, 0.31578702, 0.31578702, ..., 0.31578702,
         0.31578702, 0.31578702],
        [0.31578702, 0.31578702, 0.31578702, ..., 0.31578702,
         0.31578702, 0.31578702]],

       [[0.31578702, 0.31578702, 0.31578702, ..., 0.31578702,
         0.31578702, 0.31578702],
        [0.31578702, 0.31578702, 0.31578702, ..., 0.31578702,
         0.31578702, 0.31578702],
        [0.31578702, 0.31578702, 0.31578702, ..., 0.31578702,
         0.31578702, 0.31578702],
        ...,
        [0.31578702, 0.31578702, 0.31578702, ..., 0.31578702,
         0.31578702, 0.31578702],
        [0.31578702, 0.31578702, 0.31578702, ..., 0.31578702,
         0.31578702, 0.31578702],
        [0.31578702, 0.31578702, 0.31578702, ..., 0.31578702,
         0.31578702, 0.31578702]],

       [[0.31578702, 0.31578702, 0.31578702, ..., 0.31578702,
         0.31578702, 0.31578702],
        [0.31578702, 0.31578702, 0.31578702, ..., 0.31578702,
         0.31578702, 0.31578702],
        [0.31578702, 0.31578702, 0.31578702, ..., 0.31578702,
         0.31578702, 0.31578702],
        ...,
        [0.31578702, 0.31578702, 0.31578702, ..., 0.31578702,
         0.31578702, 0.31578702],
        [0.31578702, 0.31578702, 0.31578702, ..., 0.31578702,
         0.31578702, 0.31578702],
        [0.31578702, 0.31578702, 0.31578702, ..., 0.31578702,
         0.31578702, 0.31578702]],

       ...,

       [[0.31578702, 0.31578702, 0.31578702, ..., 0.31578702,
         0.31578702, 0.31578702],
        [0.31578702, 0.31578702, 0.31578702, ..., 0.31578702,
         0.31578702, 0.31578702],
        [0.31578702, 0.31578702, 0.31578702, ..., 0.31578702,
         0.31578702, 0.31578702],
        ...,
        [0.31578702, 0.31578702, 0.31578702, ..., 0.31578702,
         0.31578702, 0.31578702],
        [0.31578702, 0.31578702, 0.31578702, ..., 0.31578702,
         0.31578702, 0.31578702],
        [0.31578702, 0.31578702, 0.31578702, ..., 0.31578702,
         0.31578702, 0.31578702]],

       [[0.31578702, 0.31578702, 0.31578702, ..., 0.31578702,
         0.31578702, 0.31578702],
        [0.31578702, 0.31578702, 0.31578702, ..., 0.31578702,
         0.31578702, 0.31578702],
        [0.31578702, 0.31578702, 0.31578702, ..., 0.31578702,
         0.31578702, 0.31578702],
        ...,
        [0.31578702, 0.31578702, 0.31578702, ..., 0.31578702,
         0.31578702, 0.31578702],
        [0.31578702, 0.31578702, 0.31578702, ..., 0.31578702,
         0.31578702, 0.31578702],
        [0.31578702, 0.31578702, 0.31578702, ..., 0.31578702,
         0.31578702, 0.31578702]],

       [[0.31578702, 0.31578702, 0.31578702, ..., 0.31578702,
         0.31578702, 0.31578702],
        [0.31578702, 0.31578702, 0.31578702, ..., 0.31578702,
         0.31578702, 0.31578702],
        [0.31578702, 0.31578702, 0.31578702, ..., 0.31578702,
         0.31578702, 0.31578702],
        ...,
        [0.31578702, 0.31578702, 0.31578702, ..., 0.31578702,
         0.31578702, 0.31578702],
        [0.31578702, 0.31578702, 0.31578702, ..., 0.31578702,
         0.31578702, 0.31578702],
        [0.31578702, 0.31578702, 0.31578702, ..., 0.31578702,
         0.31578702, 0.31578702]]], shape=(8, 28, 28), dtype=float32), 'lr': 0.01}
2025-06-22 17:19:52,817 [INFO] Processing learn command. symbol_idx: [0, 0, 0, 0, 0, 0, 0, 0], feedback_img type: <class 'numpy.ndarray'>, shape: (8, 28, 28)
2025-06-22 17:19:52,817 [ERROR] Connection error: '<=' not supported between instances of 'int' and 'list'
2025-06-22 17:19:52,864 [INFO] Decoded message: {'cmd': 'draw', 'symbol_idx': 0}
2025-06-22 17:19:52,864 [INFO] Processing draw command. symbol_idx: 0
2025-06-22 17:19:53,305 [INFO] Decoded message: {'cmd': 'draw', 'symbol_idx': 0}
2025-06-22 17:19:53,305 [INFO] Processing draw command. symbol_idx: 0
2025-06-22 17:19:53,766 [INFO] Decoded message: {'cmd': 'draw', 'symbol_idx': 0}
2025-06-22 17:19:53,767 [INFO] Processing draw command. symbol_idx: 0
2025-06-22 17:19:54,237 [INFO] Decoded message: {'cmd': 'draw', 'symbol_idx': 0}
2025-06-22 17:19:54,238 [INFO] Processing draw command. symbol_idx: 0
2025-06-22 17:19:54,693 [INFO] Decoded message: {'cmd': 'draw', 'symbol_idx': 0}
2025-06-22 17:19:54,694 [INFO] Processing draw command. symbol_idx: 0
2025-06-22 17:19:55,126 [INFO] Decoded message: {'cmd': 'draw', 'symbol_idx': 0}
2025-06-22 17:19:55,126 [INFO] Processing draw command. symbol_idx: 0
2025-06-22 17:19:55,566 [INFO] Decoded message: {'cmd': 'draw', 'symbol_idx': 0}
2025-06-22 17:19:55,567 [INFO] Processing draw command. symbol_idx: 0
2025-06-22 17:19:55,973 [INFO] Decoded message: {'cmd': 'draw', 'symbol_idx': 0}
2025-06-22 17:19:55,974 [INFO] Processing draw command. symbol_idx: 0
2025-06-22 17:19:56,429 [INFO] Decoded message: {'cmd': 'learn', 'symbol_idx': [0, 0, 0, 0, 0, 0, 0, 0], 'feedback_img': array([[[0.31578702, 0.31578702, 0.31578702, ..., 0.31578702,
         0.31578702, 0.31578702],
        [0.31578702, 0.31578702, 0.31578702, ..., 0.31578702,
         0.31578702, 0.31578702],
        [0.31578702, 0.31578702, 0.31578702, ..., 0.31578702,
         0.31578702, 0.31578702],
        ...,
        [0.31578702, 0.31578702, 0.31578702, ..., 0.31578702,
         0.31578702, 0.31578702],
        [0.31578702, 0.31578702, 0.31578702, ..., 0.31578702,
         0.31578702, 0.31578702],
        [0.31578702, 0.31578702, 0.31578702, ..., 0.31578702,
         0.31578702, 0.31578702]],

       [[0.31578702, 0.31578702, 0.31578702, ..., 0.31578702,
         0.31578702, 0.31578702],
        [0.31578702, 0.31578702, 0.31578702, ..., 0.31578702,
         0.31578702, 0.31578702],
        [0.31578702, 0.31578702, 0.31578702, ..., 0.31578702,
         0.31578702, 0.31578702],
        ...,
        [0.31578702, 0.31578702, 0.31578702, ..., 0.31578702,
         0.31578702, 0.31578702],
        [0.31578702, 0.31578702, 0.31578702, ..., 0.31578702,
         0.31578702, 0.31578702],
        [0.31578702, 0.31578702, 0.31578702, ..., 0.31578702,
         0.31578702, 0.31578702]],

       [[0.31578702, 0.31578702, 0.31578702, ..., 0.31578702,
         0.31578702, 0.31578702],
        [0.31578702, 0.31578702, 0.31578702, ..., 0.31578702,
         0.31578702, 0.31578702],
        [0.31578702, 0.31578702, 0.31578702, ..., 0.31578702,
         0.31578702, 0.31578702],
        ...,
        [0.31578702, 0.31578702, 0.31578702, ..., 0.31578702,
         0.31578702, 0.31578702],
        [0.31578702, 0.31578702, 0.31578702, ..., 0.31578702,
         0.31578702, 0.31578702],
        [0.31578702, 0.31578702, 0.31578702, ..., 0.31578702,
         0.31578702, 0.31578702]],

       ...,

       [[0.31578702, 0.31578702, 0.31578702, ..., 0.31578702,
         0.31578702, 0.31578702],
        [0.31578702, 0.31578702, 0.31578702, ..., 0.31578702,
         0.31578702, 0.31578702],
        [0.31578702, 0.31578702, 0.31578702, ..., 0.31578702,
         0.31578702, 0.31578702],
        ...,
        [0.31578702, 0.31578702, 0.31578702, ..., 0.31578702,
         0.31578702, 0.31578702],
        [0.31578702, 0.31578702, 0.31578702, ..., 0.31578702,
         0.31578702, 0.31578702],
        [0.31578702, 0.31578702, 0.31578702, ..., 0.31578702,
         0.31578702, 0.31578702]],

       [[0.31578702, 0.31578702, 0.31578702, ..., 0.31578702,
         0.31578702, 0.31578702],
        [0.31578702, 0.31578702, 0.31578702, ..., 0.31578702,
         0.31578702, 0.31578702],
        [0.31578702, 0.31578702, 0.31578702, ..., 0.31578702,
         0.31578702, 0.31578702],
        ...,
        [0.31578702, 0.31578702, 0.31578702, ..., 0.31578702,
         0.31578702, 0.31578702],
        [0.31578702, 0.31578702, 0.31578702, ..., 0.31578702,
         0.31578702, 0.31578702],
        [0.31578702, 0.31578702, 0.31578702, ..., 0.31578702,
         0.31578702, 0.31578702]],

       [[0.31578702, 0.31578702, 0.31578702, ..., 0.31578702,
         0.31578702, 0.31578702],
        [0.31578702, 0.31578702, 0.31578702, ..., 0.31578702,
         0.31578702, 0.31578702],
        [0.31578702, 0.31578702, 0.31578702, ..., 0.31578702,
         0.31578702, 0.31578702],
        ...,
        [0.31578702, 0.31578702, 0.31578702, ..., 0.31578702,
         0.31578702, 0.31578702],
        [0.31578702, 0.31578702, 0.31578702, ..., 0.31578702,
         0.31578702, 0.31578702],
        [0.31578702, 0.31578702, 0.31578702, ..., 0.31578702,
         0.31578702, 0.31578702]]], shape=(8, 28, 28), dtype=float32), 'lr': 0.01}
2025-06-22 17:19:56,447 [INFO] Processing learn command. symbol_idx: [0, 0, 0, 0, 0, 0, 0, 0], feedback_img type: <class 'numpy.ndarray'>, shape: (8, 28, 28)
2025-06-22 17:19:56,448 [ERROR] Connection error: '<=' not supported between instances of 'int' and 'list'
2025-06-22 17:19:56,502 [INFO] Decoded message: {'cmd': 'draw', 'symbol_idx': 0}
2025-06-22 17:19:56,503 [INFO] Processing draw command. symbol_idx: 0
2025-06-22 17:19:57,051 [INFO] Decoded message: {'cmd': 'draw', 'symbol_idx': 0}
2025-06-22 17:19:57,051 [INFO] Processing draw command. symbol_idx: 0
2025-06-22 17:19:57,519 [INFO] Decoded message: {'cmd': 'draw', 'symbol_idx': 0}
2025-06-22 17:19:57,520 [INFO] Processing draw command. symbol_idx: 0
2025-06-22 17:19:58,019 [INFO] Decoded message: {'cmd': 'draw', 'symbol_idx': 0}
2025-06-22 17:19:58,020 [INFO] Processing draw command. symbol_idx: 0
2025-06-22 17:19:58,503 [INFO] Decoded message: {'cmd': 'draw', 'symbol_idx': 0}
2025-06-22 17:19:58,503 [INFO] Processing draw command. symbol_idx: 0
2025-06-22 17:19:58,933 [INFO] Decoded message: {'cmd': 'draw', 'symbol_idx': 0}
2025-06-22 17:19:58,933 [INFO] Processing draw command. symbol_idx: 0
2025-06-22 17:19:59,420 [INFO] Decoded message: {'cmd': 'draw', 'symbol_idx': 0}
2025-06-22 17:19:59,420 [INFO] Processing draw command. symbol_idx: 0
2025-06-22 17:19:59,898 [INFO] Decoded message: {'cmd': 'draw', 'symbol_idx': 0}
2025-06-22 17:19:59,898 [INFO] Processing draw command. symbol_idx: 0
2025-06-22 17:20:00,338 [INFO] Decoded message: {'cmd': 'learn', 'symbol_idx': [0, 0, 0, 0, 0, 0, 0, 0], 'feedback_img': array([[[0.31578702, 0.31578702, 0.31578702, ..., 0.31578702,
         0.31578702, 0.31578702],
        [0.31578702, 0.31578702, 0.31578702, ..., 0.31578702,
         0.31578702, 0.31578702],
        [0.31578702, 0.31578702, 0.31578702, ..., 0.31578702,
         0.31578702, 0.31578702],
        ...,
        [0.31578702, 0.31578702, 0.31578702, ..., 0.31578702,
         0.31578702, 0.31578702],
        [0.31578702, 0.31578702, 0.31578702, ..., 0.31578702,
         0.31578702, 0.31578702],
        [0.31578702, 0.31578702, 0.31578702, ..., 0.31578702,
         0.31578702, 0.31578702]],

       [[0.31578702, 0.31578702, 0.31578702, ..., 0.31578702,
         0.31578702, 0.31578702],
        [0.31578702, 0.31578702, 0.31578702, ..., 0.31578702,
         0.31578702, 0.31578702],
        [0.31578702, 0.31578702, 0.31578702, ..., 0.31578702,
         0.31578702, 0.31578702],
        ...,
        [0.31578702, 0.31578702, 0.31578702, ..., 0.31578702,
         0.31578702, 0.31578702],
        [0.31578702, 0.31578702, 0.31578702, ..., 0.31578702,
         0.31578702, 0.31578702],
        [0.31578702, 0.31578702, 0.31578702, ..., 0.31578702,
         0.31578702, 0.31578702]],

       [[0.31578702, 0.31578702, 0.31578702, ..., 0.31578702,
         0.31578702, 0.31578702],
        [0.31578702, 0.31578702, 0.31578702, ..., 0.31578702,
         0.31578702, 0.31578702],
        [0.31578702, 0.31578702, 0.31578702, ..., 0.31578702,
         0.31578702, 0.31578702],
        ...,
        [0.31578702, 0.31578702, 0.31578702, ..., 0.31578702,
         0.31578702, 0.31578702],
        [0.31578702, 0.31578702, 0.31578702, ..., 0.31578702,
         0.31578702, 0.31578702],
        [0.31578702, 0.31578702, 0.31578702, ..., 0.31578702,
         0.31578702, 0.31578702]],

       ...,

       [[0.31578702, 0.31578702, 0.31578702, ..., 0.31578702,
         0.31578702, 0.31578702],
        [0.31578702, 0.31578702, 0.31578702, ..., 0.31578702,
         0.31578702, 0.31578702],
        [0.31578702, 0.31578702, 0.31578702, ..., 0.31578702,
         0.31578702, 0.31578702],
        ...,
        [0.31578702, 0.31578702, 0.31578702, ..., 0.31578702,
         0.31578702, 0.31578702],
        [0.31578702, 0.31578702, 0.31578702, ..., 0.31578702,
         0.31578702, 0.31578702],
        [0.31578702, 0.31578702, 0.31578702, ..., 0.31578702,
         0.31578702, 0.31578702]],

       [[0.31578702, 0.31578702, 0.31578702, ..., 0.31578702,
         0.31578702, 0.31578702],
        [0.31578702, 0.31578702, 0.31578702, ..., 0.31578702,
         0.31578702, 0.31578702],
        [0.31578702, 0.31578702, 0.31578702, ..., 0.31578702,
         0.31578702, 0.31578702],
        ...,
        [0.31578702, 0.31578702, 0.31578702, ..., 0.31578702,
         0.31578702, 0.31578702],
        [0.31578702, 0.31578702, 0.31578702, ..., 0.31578702,
         0.31578702, 0.31578702],
        [0.31578702, 0.31578702, 0.31578702, ..., 0.31578702,
         0.31578702, 0.31578702]],

       [[0.31578702, 0.31578702, 0.31578702, ..., 0.31578702,
         0.31578702, 0.31578702],
        [0.31578702, 0.31578702, 0.31578702, ..., 0.31578702,
         0.31578702, 0.31578702],
        [0.31578702, 0.31578702, 0.31578702, ..., 0.31578702,
         0.31578702, 0.31578702],
        ...,
        [0.31578702, 0.31578702, 0.31578702, ..., 0.31578702,
         0.31578702, 0.31578702],
        [0.31578702, 0.31578702, 0.31578702, ..., 0.31578702,
         0.31578702, 0.31578702],
        [0.31578702, 0.31578702, 0.31578702, ..., 0.31578702,
         0.31578702, 0.31578702]]], shape=(8, 28, 28), dtype=float32), 'lr': 0.01}
2025-06-22 17:20:00,355 [INFO] Processing learn command. symbol_idx: [0, 0, 0, 0, 0, 0, 0, 0], feedback_img type: <class 'numpy.ndarray'>, shape: (8, 28, 28)
2025-06-22 17:20:00,355 [ERROR] Connection error: '<=' not supported between instances of 'int' and 'list'
2025-06-22 17:20:00,402 [INFO] Decoded message: {'cmd': 'draw', 'symbol_idx': 0}
2025-06-22 17:20:00,403 [INFO] Processing draw command. symbol_idx: 0
2025-06-22 17:20:00,853 [INFO] Decoded message: {'cmd': 'draw', 'symbol_idx': 0}
2025-06-22 17:20:00,853 [INFO] Processing draw command. symbol_idx: 0
2025-06-22 17:20:01,253 [INFO] Decoded message: {'cmd': 'draw', 'symbol_idx': 0}
2025-06-22 17:20:01,254 [INFO] Processing draw command. symbol_idx: 0
2025-06-22 17:20:01,718 [INFO] Decoded message: {'cmd': 'draw', 'symbol_idx': 0}
2025-06-22 17:20:01,719 [INFO] Processing draw command. symbol_idx: 0
2025-06-22 17:20:02,199 [INFO] Decoded message: {'cmd': 'draw', 'symbol_idx': 0}
2025-06-22 17:20:02,200 [INFO] Processing draw command. symbol_idx: 0
2025-06-22 17:20:02,695 [INFO] Decoded message: {'cmd': 'draw', 'symbol_idx': 0}
2025-06-22 17:20:02,696 [INFO] Processing draw command. symbol_idx: 0
2025-06-22 17:20:03,102 [INFO] Decoded message: {'cmd': 'draw', 'symbol_idx': 0}
2025-06-22 17:20:03,103 [INFO] Processing draw command. symbol_idx: 0
2025-06-22 17:20:03,574 [INFO] Decoded message: {'cmd': 'draw', 'symbol_idx': 0}
2025-06-22 17:20:03,575 [INFO] Processing draw command. symbol_idx: 0
2025-06-22 17:20:04,084 [INFO] Decoded message: {'cmd': 'learn', 'symbol_idx': [0, 0, 0, 0, 0, 0, 0, 0], 'feedback_img': array([[[0.31578702, 0.31578702, 0.31578702, ..., 0.31578702,
         0.31578702, 0.31578702],
        [0.31578702, 0.31578702, 0.31578702, ..., 0.31578702,
         0.31578702, 0.31578702],
        [0.31578702, 0.31578702, 0.31578702, ..., 0.31578702,
         0.31578702, 0.31578702],
        ...,
        [0.31578702, 0.31578702, 0.31578702, ..., 0.31578702,
         0.31578702, 0.31578702],
        [0.31578702, 0.31578702, 0.31578702, ..., 0.31578702,
         0.31578702, 0.31578702],
        [0.31578702, 0.31578702, 0.31578702, ..., 0.31578702,
         0.31578702, 0.31578702]],

       [[0.31578702, 0.31578702, 0.31578702, ..., 0.31578702,
         0.31578702, 0.31578702],
        [0.31578702, 0.31578702, 0.31578702, ..., 0.31578702,
         0.31578702, 0.31578702],
        [0.31578702, 0.31578702, 0.31578702, ..., 0.31578702,
         0.31578702, 0.31578702],
        ...,
        [0.31578702, 0.31578702, 0.31578702, ..., 0.31578702,
         0.31578702, 0.31578702],
        [0.31578702, 0.31578702, 0.31578702, ..., 0.31578702,
         0.31578702, 0.31578702],
        [0.31578702, 0.31578702, 0.31578702, ..., 0.31578702,
         0.31578702, 0.31578702]],

       [[0.31578702, 0.31578702, 0.31578702, ..., 0.31578702,
         0.31578702, 0.31578702],
        [0.31578702, 0.31578702, 0.31578702, ..., 0.31578702,
         0.31578702, 0.31578702],
        [0.31578702, 0.31578702, 0.31578702, ..., 0.31578702,
         0.31578702, 0.31578702],
        ...,
        [0.31578702, 0.31578702, 0.31578702, ..., 0.31578702,
         0.31578702, 0.31578702],
        [0.31578702, 0.31578702, 0.31578702, ..., 0.31578702,
         0.31578702, 0.31578702],
        [0.31578702, 0.31578702, 0.31578702, ..., 0.31578702,
         0.31578702, 0.31578702]],

       ...,

       [[0.31578702, 0.31578702, 0.31578702, ..., 0.31578702,
         0.31578702, 0.31578702],
        [0.31578702, 0.31578702, 0.31578702, ..., 0.31578702,
         0.31578702, 0.31578702],
        [0.31578702, 0.31578702, 0.31578702, ..., 0.31578702,
         0.31578702, 0.31578702],
        ...,
        [0.31578702, 0.31578702, 0.31578702, ..., 0.31578702,
         0.31578702, 0.31578702],
        [0.31578702, 0.31578702, 0.31578702, ..., 0.31578702,
         0.31578702, 0.31578702],
        [0.31578702, 0.31578702, 0.31578702, ..., 0.31578702,
         0.31578702, 0.31578702]],

       [[0.31578702, 0.31578702, 0.31578702, ..., 0.31578702,
         0.31578702, 0.31578702],
        [0.31578702, 0.31578702, 0.31578702, ..., 0.31578702,
         0.31578702, 0.31578702],
        [0.31578702, 0.31578702, 0.31578702, ..., 0.31578702,
         0.31578702, 0.31578702],
        ...,
        [0.31578702, 0.31578702, 0.31578702, ..., 0.31578702,
         0.31578702, 0.31578702],
        [0.31578702, 0.31578702, 0.31578702, ..., 0.31578702,
         0.31578702, 0.31578702],
        [0.31578702, 0.31578702, 0.31578702, ..., 0.31578702,
         0.31578702, 0.31578702]],

       [[0.31578702, 0.31578702, 0.31578702, ..., 0.31578702,
         0.31578702, 0.31578702],
        [0.31578702, 0.31578702, 0.31578702, ..., 0.31578702,
         0.31578702, 0.31578702],
        [0.31578702, 0.31578702, 0.31578702, ..., 0.31578702,
         0.31578702, 0.31578702],
        ...,
        [0.31578702, 0.31578702, 0.31578702, ..., 0.31578702,
         0.31578702, 0.31578702],
        [0.31578702, 0.31578702, 0.31578702, ..., 0.31578702,
         0.31578702, 0.31578702],
        [0.31578702, 0.31578702, 0.31578702, ..., 0.31578702,
         0.31578702, 0.31578702]]], shape=(8, 28, 28), dtype=float32), 'lr': 0.01}
2025-06-22 17:20:04,112 [INFO] Processing learn command. symbol_idx: [0, 0, 0, 0, 0, 0, 0, 0], feedback_img type: <class 'numpy.ndarray'>, shape: (8, 28, 28)
2025-06-22 17:20:04,112 [ERROR] Connection error: '<=' not supported between instances of 'int' and 'list'
2025-06-22 17:20:04,171 [INFO] Decoded message: {'cmd': 'draw', 'symbol_idx': 0}
2025-06-22 17:20:04,171 [INFO] Processing draw command. symbol_idx: 0
2025-06-22 17:20:04,654 [INFO] Decoded message: {'cmd': 'draw', 'symbol_idx': 0}
2025-06-22 17:20:04,654 [INFO] Processing draw command. symbol_idx: 0
2025-06-22 17:20:05,156 [INFO] Decoded message: {'cmd': 'draw', 'symbol_idx': 0}
2025-06-22 17:20:05,156 [INFO] Processing draw command. symbol_idx: 0
2025-06-22 17:20:05,610 [INFO] Decoded message: {'cmd': 'draw', 'symbol_idx': 0}
2025-06-22 17:20:05,610 [INFO] Processing draw command. symbol_idx: 0
2025-06-22 17:20:06,045 [INFO] Decoded message: {'cmd': 'draw', 'symbol_idx': 0}
2025-06-22 17:20:06,045 [INFO] Processing draw command. symbol_idx: 0
2025-06-22 17:20:06,567 [INFO] Decoded message: {'cmd': 'draw', 'symbol_idx': 0}
2025-06-22 17:20:06,567 [INFO] Processing draw command. symbol_idx: 0
2025-06-22 17:20:07,032 [INFO] Decoded message: {'cmd': 'draw', 'symbol_idx': 0}
2025-06-22 17:20:07,032 [INFO] Processing draw command. symbol_idx: 0
2025-06-22 17:20:07,552 [INFO] Decoded message: {'cmd': 'draw', 'symbol_idx': 0}
2025-06-22 17:20:07,553 [INFO] Processing draw command. symbol_idx: 0
2025-06-22 17:20:08,014 [INFO] Decoded message: {'cmd': 'learn', 'symbol_idx': [0, 0, 0, 0, 0, 0, 0, 0], 'feedback_img': array([[[0.31578702, 0.31578702, 0.31578702, ..., 0.31578702,
         0.31578702, 0.31578702],
        [0.31578702, 0.31578702, 0.31578702, ..., 0.31578702,
         0.31578702, 0.31578702],
        [0.31578702, 0.31578702, 0.31578702, ..., 0.31578702,
         0.31578702, 0.31578702],
        ...,
        [0.31578702, 0.31578702, 0.31578702, ..., 0.31578702,
         0.31578702, 0.31578702],
        [0.31578702, 0.31578702, 0.31578702, ..., 0.31578702,
         0.31578702, 0.31578702],
        [0.31578702, 0.31578702, 0.31578702, ..., 0.31578702,
         0.31578702, 0.31578702]],

       [[0.31578702, 0.31578702, 0.31578702, ..., 0.31578702,
         0.31578702, 0.31578702],
        [0.31578702, 0.31578702, 0.31578702, ..., 0.31578702,
         0.31578702, 0.31578702],
        [0.31578702, 0.31578702, 0.31578702, ..., 0.31578702,
         0.31578702, 0.31578702],
        ...,
        [0.31578702, 0.31578702, 0.31578702, ..., 0.31578702,
         0.31578702, 0.31578702],
        [0.31578702, 0.31578702, 0.31578702, ..., 0.31578702,
         0.31578702, 0.31578702],
        [0.31578702, 0.31578702, 0.31578702, ..., 0.31578702,
         0.31578702, 0.31578702]],

       [[0.31578702, 0.31578702, 0.31578702, ..., 0.31578702,
         0.31578702, 0.31578702],
        [0.31578702, 0.31578702, 0.31578702, ..., 0.31578702,
         0.31578702, 0.31578702],
        [0.31578702, 0.31578702, 0.31578702, ..., 0.31578702,
         0.31578702, 0.31578702],
        ...,
        [0.31578702, 0.31578702, 0.31578702, ..., 0.31578702,
         0.31578702, 0.31578702],
        [0.31578702, 0.31578702, 0.31578702, ..., 0.31578702,
         0.31578702, 0.31578702],
        [0.31578702, 0.31578702, 0.31578702, ..., 0.31578702,
         0.31578702, 0.31578702]],

       ...,

       [[0.31578702, 0.31578702, 0.31578702, ..., 0.31578702,
         0.31578702, 0.31578702],
        [0.31578702, 0.31578702, 0.31578702, ..., 0.31578702,
         0.31578702, 0.31578702],
        [0.31578702, 0.31578702, 0.31578702, ..., 0.31578702,
         0.31578702, 0.31578702],
        ...,
        [0.31578702, 0.31578702, 0.31578702, ..., 0.31578702,
         0.31578702, 0.31578702],
        [0.31578702, 0.31578702, 0.31578702, ..., 0.31578702,
         0.31578702, 0.31578702],
        [0.31578702, 0.31578702, 0.31578702, ..., 0.31578702,
         0.31578702, 0.31578702]],

       [[0.31578702, 0.31578702, 0.31578702, ..., 0.31578702,
         0.31578702, 0.31578702],
        [0.31578702, 0.31578702, 0.31578702, ..., 0.31578702,
         0.31578702, 0.31578702],
        [0.31578702, 0.31578702, 0.31578702, ..., 0.31578702,
         0.31578702, 0.31578702],
        ...,
        [0.31578702, 0.31578702, 0.31578702, ..., 0.31578702,
         0.31578702, 0.31578702],
        [0.31578702, 0.31578702, 0.31578702, ..., 0.31578702,
         0.31578702, 0.31578702],
        [0.31578702, 0.31578702, 0.31578702, ..., 0.31578702,
         0.31578702, 0.31578702]],

       [[0.31578702, 0.31578702, 0.31578702, ..., 0.31578702,
         0.31578702, 0.31578702],
        [0.31578702, 0.31578702, 0.31578702, ..., 0.31578702,
         0.31578702, 0.31578702],
        [0.31578702, 0.31578702, 0.31578702, ..., 0.31578702,
         0.31578702, 0.31578702],
        ...,
        [0.31578702, 0.31578702, 0.31578702, ..., 0.31578702,
         0.31578702, 0.31578702],
        [0.31578702, 0.31578702, 0.31578702, ..., 0.31578702,
         0.31578702, 0.31578702],
        [0.31578702, 0.31578702, 0.31578702, ..., 0.31578702,
         0.31578702, 0.31578702]]], shape=(8, 28, 28), dtype=float32), 'lr': 0.01}
2025-06-22 17:20:08,034 [INFO] Processing learn command. symbol_idx: [0, 0, 0, 0, 0, 0, 0, 0], feedback_img type: <class 'numpy.ndarray'>, shape: (8, 28, 28)
2025-06-22 17:20:08,035 [ERROR] Connection error: '<=' not supported between instances of 'int' and 'list'
2025-06-22 17:20:08,071 [INFO] Decoded message: {'cmd': 'draw', 'symbol_idx': 0}
2025-06-22 17:20:08,072 [INFO] Processing draw command. symbol_idx: 0
2025-06-22 17:20:08,523 [INFO] Decoded message: {'cmd': 'draw', 'symbol_idx': 0}
2025-06-22 17:20:08,523 [INFO] Processing draw command. symbol_idx: 0
2025-06-22 17:20:09,002 [INFO] Decoded message: {'cmd': 'draw', 'symbol_idx': 0}
2025-06-22 17:20:09,003 [INFO] Processing draw command. symbol_idx: 0
2025-06-22 17:20:09,502 [INFO] Decoded message: {'cmd': 'draw', 'symbol_idx': 0}
2025-06-22 17:20:09,502 [INFO] Processing draw command. symbol_idx: 0
2025-06-22 17:20:09,992 [INFO] Decoded message: {'cmd': 'draw', 'symbol_idx': 0}
2025-06-22 17:20:09,992 [INFO] Processing draw command. symbol_idx: 0
2025-06-22 17:20:10,508 [INFO] Decoded message: {'cmd': 'draw', 'symbol_idx': 0}
2025-06-22 17:20:10,508 [INFO] Processing draw command. symbol_idx: 0
2025-06-22 17:20:10,920 [INFO] Decoded message: {'cmd': 'draw', 'symbol_idx': 0}
2025-06-22 17:20:10,921 [INFO] Processing draw command. symbol_idx: 0
2025-06-22 17:20:11,371 [INFO] Decoded message: {'cmd': 'draw', 'symbol_idx': 0}
2025-06-22 17:20:11,372 [INFO] Processing draw command. symbol_idx: 0
2025-06-22 17:20:11,808 [INFO] Decoded message: {'cmd': 'learn', 'symbol_idx': [0, 0, 0, 0, 0, 0, 0, 0], 'feedback_img': array([[[0.31578702, 0.31578702, 0.31578702, ..., 0.31578702,
         0.31578702, 0.31578702],
        [0.31578702, 0.31578702, 0.31578702, ..., 0.31578702,
         0.31578702, 0.31578702],
        [0.31578702, 0.31578702, 0.31578702, ..., 0.31578702,
         0.31578702, 0.31578702],
        ...,
        [0.31578702, 0.31578702, 0.31578702, ..., 0.31578702,
         0.31578702, 0.31578702],
        [0.31578702, 0.31578702, 0.31578702, ..., 0.31578702,
         0.31578702, 0.31578702],
        [0.31578702, 0.31578702, 0.31578702, ..., 0.31578702,
         0.31578702, 0.31578702]],

       [[0.31578702, 0.31578702, 0.31578702, ..., 0.31578702,
         0.31578702, 0.31578702],
        [0.31578702, 0.31578702, 0.31578702, ..., 0.31578702,
         0.31578702, 0.31578702],
        [0.31578702, 0.31578702, 0.31578702, ..., 0.31578702,
         0.31578702, 0.31578702],
        ...,
        [0.31578702, 0.31578702, 0.31578702, ..., 0.31578702,
         0.31578702, 0.31578702],
        [0.31578702, 0.31578702, 0.31578702, ..., 0.31578702,
         0.31578702, 0.31578702],
        [0.31578702, 0.31578702, 0.31578702, ..., 0.31578702,
         0.31578702, 0.31578702]],

       [[0.31578702, 0.31578702, 0.31578702, ..., 0.31578702,
         0.31578702, 0.31578702],
        [0.31578702, 0.31578702, 0.31578702, ..., 0.31578702,
         0.31578702, 0.31578702],
        [0.31578702, 0.31578702, 0.31578702, ..., 0.31578702,
         0.31578702, 0.31578702],
        ...,
        [0.31578702, 0.31578702, 0.31578702, ..., 0.31578702,
         0.31578702, 0.31578702],
        [0.31578702, 0.31578702, 0.31578702, ..., 0.31578702,
         0.31578702, 0.31578702],
        [0.31578702, 0.31578702, 0.31578702, ..., 0.31578702,
         0.31578702, 0.31578702]],

       ...,

       [[0.31578702, 0.31578702, 0.31578702, ..., 0.31578702,
         0.31578702, 0.31578702],
        [0.31578702, 0.31578702, 0.31578702, ..., 0.31578702,
         0.31578702, 0.31578702],
        [0.31578702, 0.31578702, 0.31578702, ..., 0.31578702,
         0.31578702, 0.31578702],
        ...,
        [0.31578702, 0.31578702, 0.31578702, ..., 0.31578702,
         0.31578702, 0.31578702],
        [0.31578702, 0.31578702, 0.31578702, ..., 0.31578702,
         0.31578702, 0.31578702],
        [0.31578702, 0.31578702, 0.31578702, ..., 0.31578702,
         0.31578702, 0.31578702]],

       [[0.31578702, 0.31578702, 0.31578702, ..., 0.31578702,
         0.31578702, 0.31578702],
        [0.31578702, 0.31578702, 0.31578702, ..., 0.31578702,
         0.31578702, 0.31578702],
        [0.31578702, 0.31578702, 0.31578702, ..., 0.31578702,
         0.31578702, 0.31578702],
        ...,
        [0.31578702, 0.31578702, 0.31578702, ..., 0.31578702,
         0.31578702, 0.31578702],
        [0.31578702, 0.31578702, 0.31578702, ..., 0.31578702,
         0.31578702, 0.31578702],
        [0.31578702, 0.31578702, 0.31578702, ..., 0.31578702,
         0.31578702, 0.31578702]],

       [[0.31578702, 0.31578702, 0.31578702, ..., 0.31578702,
         0.31578702, 0.31578702],
        [0.31578702, 0.31578702, 0.31578702, ..., 0.31578702,
         0.31578702, 0.31578702],
        [0.31578702, 0.31578702, 0.31578702, ..., 0.31578702,
         0.31578702, 0.31578702],
        ...,
        [0.31578702, 0.31578702, 0.31578702, ..., 0.31578702,
         0.31578702, 0.31578702],
        [0.31578702, 0.31578702, 0.31578702, ..., 0.31578702,
         0.31578702, 0.31578702],
        [0.31578702, 0.31578702, 0.31578702, ..., 0.31578702,
         0.31578702, 0.31578702]]], shape=(8, 28, 28), dtype=float32), 'lr': 0.01}
2025-06-22 17:20:11,820 [INFO] Processing learn command. symbol_idx: [0, 0, 0, 0, 0, 0, 0, 0], feedback_img type: <class 'numpy.ndarray'>, shape: (8, 28, 28)
2025-06-22 17:20:11,821 [ERROR] Connection error: '<=' not supported between instances of 'int' and 'list'
2025-06-22 17:20:11,905 [INFO] Decoded message: {'cmd': 'draw', 'symbol_idx': 0}
2025-06-22 17:20:11,906 [INFO] Processing draw command. symbol_idx: 0
2025-06-22 17:20:12,360 [INFO] Decoded message: {'cmd': 'draw', 'symbol_idx': 0}
2025-06-22 17:20:12,360 [INFO] Processing draw command. symbol_idx: 0
2025-06-22 17:20:12,843 [INFO] Decoded message: {'cmd': 'draw', 'symbol_idx': 0}
2025-06-22 17:20:12,844 [INFO] Processing draw command. symbol_idx: 0
2025-06-22 17:20:13,337 [INFO] Decoded message: {'cmd': 'draw', 'symbol_idx': 0}
2025-06-22 17:20:13,337 [INFO] Processing draw command. symbol_idx: 0
2025-06-22 17:20:13,851 [INFO] Decoded message: {'cmd': 'draw', 'symbol_idx': 0}
2025-06-22 17:20:13,852 [INFO] Processing draw command. symbol_idx: 0
2025-06-22 17:20:14,321 [INFO] Decoded message: {'cmd': 'draw', 'symbol_idx': 0}
2025-06-22 17:20:14,321 [INFO] Processing draw command. symbol_idx: 0
2025-06-22 17:20:14,788 [INFO] Decoded message: {'cmd': 'draw', 'symbol_idx': 0}
2025-06-22 17:20:14,788 [INFO] Processing draw command. symbol_idx: 0
2025-06-22 17:20:15,237 [INFO] Decoded message: {'cmd': 'draw', 'symbol_idx': 0}
2025-06-22 17:20:15,238 [INFO] Processing draw command. symbol_idx: 0
2025-06-22 17:20:15,675 [INFO] Decoded message: {'cmd': 'learn', 'symbol_idx': [0, 0, 0, 0, 0, 0, 0, 0], 'feedback_img': array([[[0.31578702, 0.31578702, 0.31578702, ..., 0.31578702,
         0.31578702, 0.31578702],
        [0.31578702, 0.31578702, 0.31578702, ..., 0.31578702,
         0.31578702, 0.31578702],
        [0.31578702, 0.31578702, 0.31578702, ..., 0.31578702,
         0.31578702, 0.31578702],
        ...,
        [0.31578702, 0.31578702, 0.31578702, ..., 0.31578702,
         0.31578702, 0.31578702],
        [0.31578702, 0.31578702, 0.31578702, ..., 0.31578702,
         0.31578702, 0.31578702],
        [0.31578702, 0.31578702, 0.31578702, ..., 0.31578702,
         0.31578702, 0.31578702]],

       [[0.31578702, 0.31578702, 0.31578702, ..., 0.31578702,
         0.31578702, 0.31578702],
        [0.31578702, 0.31578702, 0.31578702, ..., 0.31578702,
         0.31578702, 0.31578702],
        [0.31578702, 0.31578702, 0.31578702, ..., 0.31578702,
         0.31578702, 0.31578702],
        ...,
        [0.31578702, 0.31578702, 0.31578702, ..., 0.31578702,
         0.31578702, 0.31578702],
        [0.31578702, 0.31578702, 0.31578702, ..., 0.31578702,
         0.31578702, 0.31578702],
        [0.31578702, 0.31578702, 0.31578702, ..., 0.31578702,
         0.31578702, 0.31578702]],

       [[0.31578702, 0.31578702, 0.31578702, ..., 0.31578702,
         0.31578702, 0.31578702],
        [0.31578702, 0.31578702, 0.31578702, ..., 0.31578702,
         0.31578702, 0.31578702],
        [0.31578702, 0.31578702, 0.31578702, ..., 0.31578702,
         0.31578702, 0.31578702],
        ...,
        [0.31578702, 0.31578702, 0.31578702, ..., 0.31578702,
         0.31578702, 0.31578702],
        [0.31578702, 0.31578702, 0.31578702, ..., 0.31578702,
         0.31578702, 0.31578702],
        [0.31578702, 0.31578702, 0.31578702, ..., 0.31578702,
         0.31578702, 0.31578702]],

       ...,

       [[0.31578702, 0.31578702, 0.31578702, ..., 0.31578702,
         0.31578702, 0.31578702],
        [0.31578702, 0.31578702, 0.31578702, ..., 0.31578702,
         0.31578702, 0.31578702],
        [0.31578702, 0.31578702, 0.31578702, ..., 0.31578702,
         0.31578702, 0.31578702],
        ...,
        [0.31578702, 0.31578702, 0.31578702, ..., 0.31578702,
         0.31578702, 0.31578702],
        [0.31578702, 0.31578702, 0.31578702, ..., 0.31578702,
         0.31578702, 0.31578702],
        [0.31578702, 0.31578702, 0.31578702, ..., 0.31578702,
         0.31578702, 0.31578702]],

       [[0.31578702, 0.31578702, 0.31578702, ..., 0.31578702,
         0.31578702, 0.31578702],
        [0.31578702, 0.31578702, 0.31578702, ..., 0.31578702,
         0.31578702, 0.31578702],
        [0.31578702, 0.31578702, 0.31578702, ..., 0.31578702,
         0.31578702, 0.31578702],
        ...,
        [0.31578702, 0.31578702, 0.31578702, ..., 0.31578702,
         0.31578702, 0.31578702],
        [0.31578702, 0.31578702, 0.31578702, ..., 0.31578702,
         0.31578702, 0.31578702],
        [0.31578702, 0.31578702, 0.31578702, ..., 0.31578702,
         0.31578702, 0.31578702]],

       [[0.31578702, 0.31578702, 0.31578702, ..., 0.31578702,
         0.31578702, 0.31578702],
        [0.31578702, 0.31578702, 0.31578702, ..., 0.31578702,
         0.31578702, 0.31578702],
        [0.31578702, 0.31578702, 0.31578702, ..., 0.31578702,
         0.31578702, 0.31578702],
        ...,
        [0.31578702, 0.31578702, 0.31578702, ..., 0.31578702,
         0.31578702, 0.31578702],
        [0.31578702, 0.31578702, 0.31578702, ..., 0.31578702,
         0.31578702, 0.31578702],
        [0.31578702, 0.31578702, 0.31578702, ..., 0.31578702,
         0.31578702, 0.31578702]]], shape=(8, 28, 28), dtype=float32), 'lr': 0.01}
2025-06-22 17:20:15,685 [INFO] Processing learn command. symbol_idx: [0, 0, 0, 0, 0, 0, 0, 0], feedback_img type: <class 'numpy.ndarray'>, shape: (8, 28, 28)
2025-06-22 17:20:15,686 [ERROR] Connection error: '<=' not supported between instances of 'int' and 'list'
2025-06-22 17:20:15,741 [INFO] Decoded message: {'cmd': 'draw', 'symbol_idx': 0}
2025-06-22 17:20:15,742 [INFO] Processing draw command. symbol_idx: 0
2025-06-22 17:20:16,154 [INFO] Decoded message: {'cmd': 'draw', 'symbol_idx': 0}
2025-06-22 17:20:16,154 [INFO] Processing draw command. symbol_idx: 0
2025-06-22 17:20:16,678 [INFO] Decoded message: {'cmd': 'draw', 'symbol_idx': 0}
2025-06-22 17:20:16,679 [INFO] Processing draw command. symbol_idx: 0
2025-06-22 17:20:17,170 [INFO] Decoded message: {'cmd': 'draw', 'symbol_idx': 0}
2025-06-22 17:20:17,171 [INFO] Processing draw command. symbol_idx: 0
2025-06-22 17:20:17,640 [INFO] Decoded message: {'cmd': 'draw', 'symbol_idx': 0}
2025-06-22 17:20:17,640 [INFO] Processing draw command. symbol_idx: 0
2025-06-22 17:20:18,104 [INFO] Decoded message: {'cmd': 'draw', 'symbol_idx': 0}
2025-06-22 17:20:18,105 [INFO] Processing draw command. symbol_idx: 0
2025-06-22 17:20:18,608 [INFO] Decoded message: {'cmd': 'draw', 'symbol_idx': 0}
2025-06-22 17:20:18,608 [INFO] Processing draw command. symbol_idx: 0
2025-06-22 17:20:19,123 [INFO] Decoded message: {'cmd': 'draw', 'symbol_idx': 0}
2025-06-22 17:20:19,123 [INFO] Processing draw command. symbol_idx: 0
2025-06-22 17:20:19,610 [INFO] Decoded message: {'cmd': 'learn', 'symbol_idx': [0, 0, 0, 0, 0, 0, 0, 0], 'feedback_img': array([[[0.31578702, 0.31578702, 0.31578702, ..., 0.31578702,
         0.31578702, 0.31578702],
        [0.31578702, 0.31578702, 0.31578702, ..., 0.31578702,
         0.31578702, 0.31578702],
        [0.31578702, 0.31578702, 0.31578702, ..., 0.31578702,
         0.31578702, 0.31578702],
        ...,
        [0.31578702, 0.31578702, 0.31578702, ..., 0.31578702,
         0.31578702, 0.31578702],
        [0.31578702, 0.31578702, 0.31578702, ..., 0.31578702,
         0.31578702, 0.31578702],
        [0.31578702, 0.31578702, 0.31578702, ..., 0.31578702,
         0.31578702, 0.31578702]],

       [[0.31578702, 0.31578702, 0.31578702, ..., 0.31578702,
         0.31578702, 0.31578702],
        [0.31578702, 0.31578702, 0.31578702, ..., 0.31578702,
         0.31578702, 0.31578702],
        [0.31578702, 0.31578702, 0.31578702, ..., 0.31578702,
         0.31578702, 0.31578702],
        ...,
        [0.31578702, 0.31578702, 0.31578702, ..., 0.31578702,
         0.31578702, 0.31578702],
        [0.31578702, 0.31578702, 0.31578702, ..., 0.31578702,
         0.31578702, 0.31578702],
        [0.31578702, 0.31578702, 0.31578702, ..., 0.31578702,
         0.31578702, 0.31578702]],

       [[0.31578702, 0.31578702, 0.31578702, ..., 0.31578702,
         0.31578702, 0.31578702],
        [0.31578702, 0.31578702, 0.31578702, ..., 0.31578702,
         0.31578702, 0.31578702],
        [0.31578702, 0.31578702, 0.31578702, ..., 0.31578702,
         0.31578702, 0.31578702],
        ...,
        [0.31578702, 0.31578702, 0.31578702, ..., 0.31578702,
         0.31578702, 0.31578702],
        [0.31578702, 0.31578702, 0.31578702, ..., 0.31578702,
         0.31578702, 0.31578702],
        [0.31578702, 0.31578702, 0.31578702, ..., 0.31578702,
         0.31578702, 0.31578702]],

       ...,

       [[0.31578702, 0.31578702, 0.31578702, ..., 0.31578702,
         0.31578702, 0.31578702],
        [0.31578702, 0.31578702, 0.31578702, ..., 0.31578702,
         0.31578702, 0.31578702],
        [0.31578702, 0.31578702, 0.31578702, ..., 0.31578702,
         0.31578702, 0.31578702],
        ...,
        [0.31578702, 0.31578702, 0.31578702, ..., 0.31578702,
         0.31578702, 0.31578702],
        [0.31578702, 0.31578702, 0.31578702, ..., 0.31578702,
         0.31578702, 0.31578702],
        [0.31578702, 0.31578702, 0.31578702, ..., 0.31578702,
         0.31578702, 0.31578702]],

       [[0.31578702, 0.31578702, 0.31578702, ..., 0.31578702,
         0.31578702, 0.31578702],
        [0.31578702, 0.31578702, 0.31578702, ..., 0.31578702,
         0.31578702, 0.31578702],
        [0.31578702, 0.31578702, 0.31578702, ..., 0.31578702,
         0.31578702, 0.31578702],
        ...,
        [0.31578702, 0.31578702, 0.31578702, ..., 0.31578702,
         0.31578702, 0.31578702],
        [0.31578702, 0.31578702, 0.31578702, ..., 0.31578702,
         0.31578702, 0.31578702],
        [0.31578702, 0.31578702, 0.31578702, ..., 0.31578702,
         0.31578702, 0.31578702]],

       [[0.31578702, 0.31578702, 0.31578702, ..., 0.31578702,
         0.31578702, 0.31578702],
        [0.31578702, 0.31578702, 0.31578702, ..., 0.31578702,
         0.31578702, 0.31578702],
        [0.31578702, 0.31578702, 0.31578702, ..., 0.31578702,
         0.31578702, 0.31578702],
        ...,
        [0.31578702, 0.31578702, 0.31578702, ..., 0.31578702,
         0.31578702, 0.31578702],
        [0.31578702, 0.31578702, 0.31578702, ..., 0.31578702,
         0.31578702, 0.31578702],
        [0.31578702, 0.31578702, 0.31578702, ..., 0.31578702,
         0.31578702, 0.31578702]]], shape=(8, 28, 28), dtype=float32), 'lr': 0.01}
2025-06-22 17:20:19,631 [INFO] Processing learn command. symbol_idx: [0, 0, 0, 0, 0, 0, 0, 0], feedback_img type: <class 'numpy.ndarray'>, shape: (8, 28, 28)
2025-06-22 17:20:19,632 [ERROR] Connection error: '<=' not supported between instances of 'int' and 'list'
2025-06-22 17:20:19,694 [INFO] Decoded message: {'cmd': 'draw', 'symbol_idx': 0}
2025-06-22 17:20:19,694 [INFO] Processing draw command. symbol_idx: 0
2025-06-22 17:20:20,003 [INFO] Decoded message: {'cmd': 'shutdown'}
2025-06-22 17:20:20,003 [INFO] Shutdown command received. Exiting...
